[1.551s] DEBUG:colcon:Command line arguments: ['/usr/bin/colcon', 'build', '--symlink-install', '--packages-select', 'omnirobot_control']
[1.554s] DEBUG:colcon:Parsed command line arguments: Namespace(log_base=None, log_level=None, verb_name='build', build_base='build', install_base='install', merge_install=False, symlink_install=True, test_result_base=None, continue_on_error=False, executor='parallel', parallel_workers=4, event_handlers=None, ignore_user_meta=False, metas=['./colcon.meta'], base_paths=['.'], packages_ignore=None, packages_ignore_regex=None, paths=None, packages_up_to=None, packages_up_to_regex=None, packages_above=None, packages_above_and_dependencies=None, packages_above_depth=None, packages_select_by_dep=None, packages_skip_by_dep=None, packages_skip_up_to=None, packages_select_build_failed=False, packages_skip_build_finished=False, packages_select_test_failures=False, packages_skip_test_passed=False, packages_select=['omnirobot_control'], packages_skip=None, packages_select_regex=None, packages_skip_regex=None, packages_start=None, packages_end=None, allow_overriding=[], cmake_args=None, cmake_target=None, cmake_target_skip_unavailable=False, cmake_clean_cache=False, cmake_clean_first=False, cmake_force_configure=False, ament_cmake_args=None, catkin_cmake_args=None, catkin_skip_building_tests=False, mixin_files=None, mixin=None, verb_parser=<colcon_mixin.mixin.mixin_argument.MixinArgumentDecorator object at 0xffff8e329130>, verb_extension=<colcon_core.verb.build.BuildVerb object at 0xffff8e328c50>, main=<bound method BuildVerb.main of <colcon_core.verb.build.BuildVerb object at 0xffff8e328c50>>, mixin_verb=('build',))
[2.126s] Level 1:colcon.colcon_core.package_discovery:discover_packages(colcon_meta) check parameters
[2.127s] Level 1:colcon.colcon_core.package_discovery:discover_packages(recursive) check parameters
[2.128s] Level 1:colcon.colcon_core.package_discovery:discover_packages(ignore) check parameters
[2.128s] Level 1:colcon.colcon_core.package_discovery:discover_packages(path) check parameters
[2.129s] Level 1:colcon.colcon_core.package_discovery:discover_packages(colcon_meta) discover
[2.129s] Level 1:colcon.colcon_core.package_discovery:discover_packages(recursive) discover
[2.130s] INFO:colcon.colcon_core.package_discovery:Crawling recursively for packages in '/home/robocupmsl/omni3_ws'
[2.130s] Level 1:colcon.colcon_core.package_identification:_identify(.) by extensions ['ignore', 'ignore_ament_install']
[2.131s] Level 1:colcon.colcon_core.package_identification:_identify(.) by extension 'ignore'
[2.132s] Level 1:colcon.colcon_core.package_identification:_identify(.) by extension 'ignore_ament_install'
[2.135s] Level 1:colcon.colcon_core.package_identification:_identify(.) by extensions ['colcon_pkg']
[2.136s] Level 1:colcon.colcon_core.package_identification:_identify(.) by extension 'colcon_pkg'
[2.136s] Level 1:colcon.colcon_core.package_identification:_identify(.) by extensions ['colcon_meta']
[2.137s] Level 1:colcon.colcon_core.package_identification:_identify(.) by extension 'colcon_meta'
[2.138s] Level 1:colcon.colcon_core.package_identification:_identify(.) by extensions ['ros']
[2.138s] Level 1:colcon.colcon_core.package_identification:_identify(.) by extension 'ros'
[2.433s] Level 1:colcon.colcon_core.package_identification:_identify(.) by extensions ['cmake', 'python']
[2.434s] Level 1:colcon.colcon_core.package_identification:_identify(.) by extension 'cmake'
[2.434s] Level 1:colcon.colcon_core.package_identification:_identify(.) by extension 'python'
[2.436s] Level 1:colcon.colcon_core.package_identification:_identify(.) by extensions ['python_setup_py']
[2.436s] Level 1:colcon.colcon_core.package_identification:_identify(.) by extension 'python_setup_py'
[2.438s] Level 1:colcon.colcon_core.package_identification:_identify(build) by extensions ['ignore', 'ignore_ament_install']
[2.438s] Level 1:colcon.colcon_core.package_identification:_identify(build) by extension 'ignore'
[2.439s] Level 1:colcon.colcon_core.package_identification:_identify(build) ignored
[2.442s] Level 1:colcon.colcon_core.package_identification:_identify(install) by extensions ['ignore', 'ignore_ament_install']
[2.442s] Level 1:colcon.colcon_core.package_identification:_identify(install) by extension 'ignore'
[2.444s] Level 1:colcon.colcon_core.package_identification:_identify(install) ignored
[2.446s] Level 1:colcon.colcon_core.package_identification:_identify(log) by extensions ['ignore', 'ignore_ament_install']
[2.446s] Level 1:colcon.colcon_core.package_identification:_identify(log) by extension 'ignore'
[2.447s] Level 1:colcon.colcon_core.package_identification:_identify(log) ignored
[2.449s] Level 1:colcon.colcon_core.package_identification:_identify(src) by extensions ['ignore', 'ignore_ament_install']
[2.450s] Level 1:colcon.colcon_core.package_identification:_identify(src) by extension 'ignore'
[2.453s] Level 1:colcon.colcon_core.package_identification:_identify(src) by extension 'ignore_ament_install'
[2.454s] Level 1:colcon.colcon_core.package_identification:_identify(src) by extensions ['colcon_pkg']
[2.456s] Level 1:colcon.colcon_core.package_identification:_identify(src) by extension 'colcon_pkg'
[2.456s] Level 1:colcon.colcon_core.package_identification:_identify(src) by extensions ['colcon_meta']
[2.457s] Level 1:colcon.colcon_core.package_identification:_identify(src) by extension 'colcon_meta'
[2.458s] Level 1:colcon.colcon_core.package_identification:_identify(src) by extensions ['ros']
[2.459s] Level 1:colcon.colcon_core.package_identification:_identify(src) by extension 'ros'
[2.460s] Level 1:colcon.colcon_core.package_identification:_identify(src) by extensions ['cmake', 'python']
[2.460s] Level 1:colcon.colcon_core.package_identification:_identify(src) by extension 'cmake'
[2.461s] Level 1:colcon.colcon_core.package_identification:_identify(src) by extension 'python'
[2.463s] Level 1:colcon.colcon_core.package_identification:_identify(src) by extensions ['python_setup_py']
[2.463s] Level 1:colcon.colcon_core.package_identification:_identify(src) by extension 'python_setup_py'
[2.464s] Level 1:colcon.colcon_core.package_identification:_identify(src/omnirobot_control) by extensions ['ignore', 'ignore_ament_install']
[2.465s] Level 1:colcon.colcon_core.package_identification:_identify(src/omnirobot_control) by extension 'ignore'
[2.466s] Level 1:colcon.colcon_core.package_identification:_identify(src/omnirobot_control) by extension 'ignore_ament_install'
[2.467s] Level 1:colcon.colcon_core.package_identification:_identify(src/omnirobot_control) by extensions ['colcon_pkg']
[2.470s] Level 1:colcon.colcon_core.package_identification:_identify(src/omnirobot_control) by extension 'colcon_pkg'
[2.471s] Level 1:colcon.colcon_core.package_identification:_identify(src/omnirobot_control) by extensions ['colcon_meta']
[2.471s] Level 1:colcon.colcon_core.package_identification:_identify(src/omnirobot_control) by extension 'colcon_meta'
[2.471s] Level 1:colcon.colcon_core.package_identification:_identify(src/omnirobot_control) by extensions ['ros']
[2.472s] Level 1:colcon.colcon_core.package_identification:_identify(src/omnirobot_control) by extension 'ros'
[2.491s] DEBUG:colcon.colcon_core.package_identification:Package 'src/omnirobot_control' with type 'ros.ament_python' and name 'omnirobot_control'
[2.492s] Level 1:colcon.colcon_core.package_discovery:discover_packages(recursive) using defaults
[2.493s] Level 1:colcon.colcon_core.package_discovery:discover_packages(ignore) discover
[2.495s] Level 1:colcon.colcon_core.package_discovery:discover_packages(ignore) using defaults
[2.496s] Level 1:colcon.colcon_core.package_discovery:discover_packages(path) discover
[2.496s] Level 1:colcon.colcon_core.package_discovery:discover_packages(path) using defaults
[2.642s] Level 1:colcon.colcon_core.package_discovery:discover_packages(prefix_path) check parameters
[2.643s] Level 1:colcon.colcon_core.package_discovery:discover_packages(prefix_path) discover
[2.667s] DEBUG:colcon.colcon_installed_package_information.package_discovery:Found 1 installed packages in /home/robocupmsl/omni3_ws/install
[2.670s] DEBUG:colcon.colcon_installed_package_information.package_discovery:Found 1 installed packages in /home/robocupmsl/ros2_ws/install
[2.674s] DEBUG:colcon.colcon_installed_package_information.package_discovery:Found 1 installed packages in /home/robocupmsl/omni3_erden/install
[2.689s] DEBUG:colcon.colcon_installed_package_information.package_discovery:Found 259 installed packages in /opt/ros/jazzy
[2.700s] Level 1:colcon.colcon_core.package_discovery:discover_packages(prefix_path) using defaults
[3.261s] Level 5:colcon.colcon_core.verb:set package 'omnirobot_control' build argument 'cmake_args' from command line to 'None'
[3.261s] Level 5:colcon.colcon_core.verb:set package 'omnirobot_control' build argument 'cmake_target' from command line to 'None'
[3.264s] Level 5:colcon.colcon_core.verb:set package 'omnirobot_control' build argument 'cmake_target_skip_unavailable' from command line to 'False'
[3.267s] Level 5:colcon.colcon_core.verb:set package 'omnirobot_control' build argument 'cmake_clean_cache' from command line to 'False'
[3.267s] Level 5:colcon.colcon_core.verb:set package 'omnirobot_control' build argument 'cmake_clean_first' from command line to 'False'
[3.267s] Level 5:colcon.colcon_core.verb:set package 'omnirobot_control' build argument 'cmake_force_configure' from command line to 'False'
[3.268s] Level 5:colcon.colcon_core.verb:set package 'omnirobot_control' build argument 'ament_cmake_args' from command line to 'None'
[3.268s] Level 5:colcon.colcon_core.verb:set package 'omnirobot_control' build argument 'catkin_cmake_args' from command line to 'None'
[3.268s] Level 5:colcon.colcon_core.verb:set package 'omnirobot_control' build argument 'catkin_skip_building_tests' from command line to 'False'
[3.269s] DEBUG:colcon.colcon_core.verb:Building package 'omnirobot_control' with the following arguments: {'ament_cmake_args': None, 'build_base': '/home/robocupmsl/omni3_ws/build/omnirobot_control', 'catkin_cmake_args': None, 'catkin_skip_building_tests': False, 'cmake_args': None, 'cmake_clean_cache': False, 'cmake_clean_first': False, 'cmake_force_configure': False, 'cmake_target': None, 'cmake_target_skip_unavailable': False, 'install_base': '/home/robocupmsl/omni3_ws/install/omnirobot_control', 'merge_install': False, 'path': '/home/robocupmsl/omni3_ws/src/omnirobot_control', 'symlink_install': True, 'test_result_base': None}
[3.280s] INFO:colcon.colcon_core.executor:Executing jobs using 'parallel' executor
[3.308s] DEBUG:colcon.colcon_parallel_executor.executor.parallel:run_until_complete
[3.309s] INFO:colcon.colcon_ros.task.ament_python.build:Building ROS package in '/home/robocupmsl/omni3_ws/src/omnirobot_control' with build type 'ament_python'
[3.310s] Level 1:colcon.colcon_core.shell:create_environment_hook('omnirobot_control', 'ament_prefix_path')
[3.329s] INFO:colcon.colcon_core.plugin_system:Skipping extension 'colcon_core.shell.bat': Not used on non-Windows systems
[3.331s] INFO:colcon.colcon_core.shell:Creating environment hook '/home/robocupmsl/omni3_ws/install/omnirobot_control/share/omnirobot_control/hook/ament_prefix_path.ps1'
[3.335s] INFO:colcon.colcon_core.shell:Creating environment descriptor '/home/robocupmsl/omni3_ws/install/omnirobot_control/share/omnirobot_control/hook/ament_prefix_path.dsv'
[3.339s] INFO:colcon.colcon_core.shell:Creating environment hook '/home/robocupmsl/omni3_ws/install/omnirobot_control/share/omnirobot_control/hook/ament_prefix_path.sh'
[3.344s] INFO:colcon.colcon_core.shell:Skip shell extension 'powershell' for command environment: Not usable outside of PowerShell
[3.345s] DEBUG:colcon.colcon_core.shell:Skip shell extension 'dsv' for command environment
[5.991s] INFO:colcon.colcon_core.task.python.build:Building Python package in '/home/robocupmsl/omni3_ws/src/omnirobot_control'
[5.992s] INFO:colcon.colcon_core.shell:Skip shell extension 'powershell' for command environment: Not usable outside of PowerShell
[5.993s] DEBUG:colcon.colcon_core.shell:Skip shell extension 'dsv' for command environment
[13.566s] DEBUG:colcon.colcon_core.event_handler.log_command:Invoking command in '/home/robocupmsl/omni3_ws/build/omnirobot_control': DEBUGINFOD_URLS=https://debuginfod.ubuntu.com PYTHONPATH=/home/robocupmsl/omni3_ws/build/omnirobot_control/prefix_override:/usr/lib/python3/dist-packages/colcon_core/task/python/colcon_distutils_commands:/home/robocupmsl/omni3_ws/install/omnirobot_control/lib/python3.12/site-packages:${PYTHONPATH} /usr/bin/python3 -W ignore:setup.py install is deprecated -W ignore:easy_install command is deprecated setup.py develop --editable --build-directory /home/robocupmsl/omni3_ws/build/omnirobot_control/build --no-deps symlink_data
[21.227s] Level 1:colcon.colcon_core.shell:create_environment_hook('omnirobot_control', 'pythonpath_develop')
[21.228s] INFO:colcon.colcon_core.shell:Creating environment hook '/home/robocupmsl/omni3_ws/build/omnirobot_control/share/omnirobot_control/hook/pythonpath_develop.ps1'
[21.234s] DEBUG:colcon.colcon_core.event_handler.log_command:Invoked command in '/home/robocupmsl/omni3_ws/build/omnirobot_control' returned '0': DEBUGINFOD_URLS=https://debuginfod.ubuntu.com PYTHONPATH=/home/robocupmsl/omni3_ws/build/omnirobot_control/prefix_override:/usr/lib/python3/dist-packages/colcon_core/task/python/colcon_distutils_commands:/home/robocupmsl/omni3_ws/install/omnirobot_control/lib/python3.12/site-packages:${PYTHONPATH} /usr/bin/python3 -W ignore:setup.py install is deprecated -W ignore:easy_install command is deprecated setup.py develop --editable --build-directory /home/robocupmsl/omni3_ws/build/omnirobot_control/build --no-deps symlink_data
[21.235s] INFO:colcon.colcon_core.shell:Creating environment descriptor '/home/robocupmsl/omni3_ws/build/omnirobot_control/share/omnirobot_control/hook/pythonpath_develop.dsv'
[21.239s] INFO:colcon.colcon_core.shell:Creating environment hook '/home/robocupmsl/omni3_ws/build/omnirobot_control/share/omnirobot_control/hook/pythonpath_develop.sh'
[21.270s] Level 1:colcon.colcon_core.environment:checking '/home/robocupmsl/omni3_ws/install/omnirobot_control' for CMake module files
[21.278s] Level 1:colcon.colcon_core.environment:checking '/home/robocupmsl/omni3_ws/install/omnirobot_control' for CMake config files
[21.285s] Level 1:colcon.colcon_core.environment:checking '/home/robocupmsl/omni3_ws/install/omnirobot_control/lib'
[21.287s] Level 1:colcon.colcon_core.environment:checking '/home/robocupmsl/omni3_ws/install/omnirobot_control/bin'
[21.288s] Level 1:colcon.colcon_core.environment:checking '/home/robocupmsl/omni3_ws/install/omnirobot_control/lib/pkgconfig/omnirobot_control.pc'
[21.291s] Level 1:colcon.colcon_core.environment:checking '/home/robocupmsl/omni3_ws/install/omnirobot_control/lib/python3.12/site-packages'
[21.293s] Level 1:colcon.colcon_core.shell:create_environment_hook('omnirobot_control', 'pythonpath')
[21.294s] INFO:colcon.colcon_core.shell:Creating environment hook '/home/robocupmsl/omni3_ws/install/omnirobot_control/share/omnirobot_control/hook/pythonpath.ps1'
[21.299s] INFO:colcon.colcon_core.shell:Creating environment descriptor '/home/robocupmsl/omni3_ws/install/omnirobot_control/share/omnirobot_control/hook/pythonpath.dsv'
[21.304s] INFO:colcon.colcon_core.shell:Creating environment hook '/home/robocupmsl/omni3_ws/install/omnirobot_control/share/omnirobot_control/hook/pythonpath.sh'
[21.312s] Level 1:colcon.colcon_core.environment:checking '/home/robocupmsl/omni3_ws/install/omnirobot_control/bin'
[21.314s] Level 1:colcon.colcon_core.environment:create_environment_scripts_only(omnirobot_control)
[21.316s] INFO:colcon.colcon_core.shell:Creating package script '/home/robocupmsl/omni3_ws/install/omnirobot_control/share/omnirobot_control/package.ps1'
[21.328s] INFO:colcon.colcon_core.shell:Creating package descriptor '/home/robocupmsl/omni3_ws/install/omnirobot_control/share/omnirobot_control/package.dsv'
[21.339s] INFO:colcon.colcon_core.shell:Creating package script '/home/robocupmsl/omni3_ws/install/omnirobot_control/share/omnirobot_control/package.sh'
[21.356s] INFO:colcon.colcon_core.shell:Creating package script '/home/robocupmsl/omni3_ws/install/omnirobot_control/share/omnirobot_control/package.bash'
[21.367s] INFO:colcon.colcon_core.shell:Creating package script '/home/robocupmsl/omni3_ws/install/omnirobot_control/share/omnirobot_control/package.zsh'
[21.370s] Level 1:colcon.colcon_core.environment:create_file_with_runtime_dependencies(/home/robocupmsl/omni3_ws/install/omnirobot_control/share/colcon-core/packages/omnirobot_control)
[21.372s] DEBUG:colcon.colcon_parallel_executor.executor.parallel:closing loop
[21.373s] DEBUG:colcon.colcon_parallel_executor.executor.parallel:loop closed
[21.374s] DEBUG:colcon.colcon_parallel_executor.executor.parallel:run_until_complete finished with '0'
[21.374s] DEBUG:colcon.colcon_core.event_reactor:joining thread
[21.414s] INFO:colcon.colcon_core.plugin_system:Skipping extension 'colcon_notification.desktop_notification.terminal_notifier': Not used on non-Darwin systems
[21.417s] INFO:colcon.colcon_core.plugin_system:Skipping extension 'colcon_notification.desktop_notification.win32': Not used on non-Windows systems
[21.417s] INFO:colcon.colcon_notification.desktop_notification:Sending desktop notification using 'notify2'
[21.582s] DEBUG:colcon.colcon_core.event_reactor:joined thread
[21.583s] INFO:colcon.colcon_core.shell:Creating prefix script '/home/robocupmsl/omni3_ws/install/local_setup.ps1'
[21.590s] INFO:colcon.colcon_core.shell:Creating prefix util module '/home/robocupmsl/omni3_ws/install/_local_setup_util_ps1.py'
[21.601s] INFO:colcon.colcon_core.shell:Creating prefix chain script '/home/robocupmsl/omni3_ws/install/setup.ps1'
[21.620s] INFO:colcon.colcon_core.shell:Creating prefix script '/home/robocupmsl/omni3_ws/install/local_setup.sh'
[21.625s] INFO:colcon.colcon_core.shell:Creating prefix util module '/home/robocupmsl/omni3_ws/install/_local_setup_util_sh.py'
[21.631s] INFO:colcon.colcon_core.shell:Creating prefix chain script '/home/robocupmsl/omni3_ws/install/setup.sh'
[21.641s] INFO:colcon.colcon_core.shell:Creating prefix script '/home/robocupmsl/omni3_ws/install/local_setup.bash'
[21.646s] INFO:colcon.colcon_core.shell:Creating prefix chain script '/home/robocupmsl/omni3_ws/install/setup.bash'
[21.655s] INFO:colcon.colcon_core.shell:Creating prefix script '/home/robocupmsl/omni3_ws/install/local_setup.zsh'
[21.659s] INFO:colcon.colcon_core.shell:Creating prefix chain script '/home/robocupmsl/omni3_ws/install/setup.zsh'
