[5.051s] Invoking command in '/home/robocupmsl/omni3_ws/build/omnirobot_control': DEBUGINFOD_URLS=https://debuginfod.ubuntu.com PYTHONPATH=/home/robocupmsl/omni3_ws/build/omnirobot_control/prefix_override:/usr/lib/python3/dist-packages/colcon_core/task/python/colcon_distutils_commands:/home/robocupmsl/omni3_ws/install/omnirobot_control/lib/python3.12/site-packages:${PYTHONPATH} /usr/bin/python3 -W ignore:setup.py install is deprecated -W ignore:easy_install command is deprecated setup.py develop --editable --build-directory /home/robocupmsl/omni3_ws/build/omnirobot_control/build --no-deps symlink_data
[7.035s] running develop
[8.001s] /usr/lib/python3/dist-packages/setuptools/command/easy_install.py:363: UserWarning: Unbuilt egg for pytest-repeat [unknown version] (/usr/lib/python3/dist-packages)
[8.002s]   self.local_index = Environment(self.shadow_path + sys.path)
[8.236s] running egg_info
[8.341s] writing omnirobot_control.egg-info/PKG-INFO
[8.342s] writing dependency_links to omnirobot_control.egg-info/dependency_links.txt
[8.344s] writing entry points to omnirobot_control.egg-info/entry_points.txt
[8.345s] writing requirements to omnirobot_control.egg-info/requires.txt
[8.346s] writing top-level names to omnirobot_control.egg-info/top_level.txt
[8.556s] reading manifest file 'omnirobot_control.egg-info/SOURCES.txt'
[8.561s] writing manifest file 'omnirobot_control.egg-info/SOURCES.txt'
[8.684s] running build_ext
[8.684s] Creating /home/robocupmsl/omni3_ws/install/omnirobot_control/lib/python3.12/site-packages/omnirobot-control.egg-link (link to .)
[8.687s] Installing global_planner_node script to /home/robocupmsl/omni3_ws/install/omnirobot_control/lib/omnirobot_control
[8.688s] Installing goto_pose_node script to /home/robocupmsl/omni3_ws/install/omnirobot_control/lib/omnirobot_control
[8.689s] Installing kinematics_node script to /home/robocupmsl/omni3_ws/install/omnirobot_control/lib/omnirobot_control
[8.690s] Installing lidar_perception_node script to /home/robocupmsl/omni3_ws/install/omnirobot_control/lib/omnirobot_control
[8.691s] Installing local_planner_node script to /home/robocupmsl/omni3_ws/install/omnirobot_control/lib/omnirobot_control
[8.692s] Installing move_1m_node script to /home/robocupmsl/omni3_ws/install/omnirobot_control/lib/omnirobot_control
[8.692s] Installing navigator_node script to /home/robocupmsl/omni3_ws/install/omnirobot_control/lib/omnirobot_control
[8.694s] Installing state_machine_node script to /home/robocupmsl/omni3_ws/install/omnirobot_control/lib/omnirobot_control
[8.694s] Installing trajectory_smoother_node script to /home/robocupmsl/omni3_ws/install/omnirobot_control/lib/omnirobot_control
[8.696s] 
[8.696s] Installed /home/robocupmsl/omni3_ws/build/omnirobot_control
[8.697s] running symlink_data
[8.875s] Invoked command in '/home/robocupmsl/omni3_ws/build/omnirobot_control' returned '0': DEBUGINFOD_URLS=https://debuginfod.ubuntu.com PYTHONPATH=/home/robocupmsl/omni3_ws/build/omnirobot_control/prefix_override:/usr/lib/python3/dist-packages/colcon_core/task/python/colcon_distutils_commands:/home/robocupmsl/omni3_ws/install/omnirobot_control/lib/python3.12/site-packages:${PYTHONPATH} /usr/bin/python3 -W ignore:setup.py install is deprecated -W ignore:easy_install command is deprecated setup.py develop --editable --build-directory /home/robocupmsl/omni3_ws/build/omnirobot_control/build --no-deps symlink_data
