[0.978s] DEBUG:colcon:Command line arguments: ['/usr/bin/colcon', 'build', '--symlink-install', '--packages-select', 'omnirobot_control']
[0.979s] DEBUG:colcon:Parsed command line arguments: Namespace(log_base=None, log_level=None, verb_name='build', build_base='build', install_base='install', merge_install=False, symlink_install=True, test_result_base=None, continue_on_error=False, executor='parallel', parallel_workers=4, event_handlers=None, ignore_user_meta=False, metas=['./colcon.meta'], base_paths=['.'], packages_ignore=None, packages_ignore_regex=None, paths=None, packages_up_to=None, packages_up_to_regex=None, packages_above=None, packages_above_and_dependencies=None, packages_above_depth=None, packages_select_by_dep=None, packages_skip_by_dep=None, packages_skip_up_to=None, packages_select_build_failed=False, packages_skip_build_finished=False, packages_select_test_failures=False, packages_skip_test_passed=False, packages_select=['omnirobot_control'], packages_skip=None, packages_select_regex=None, packages_skip_regex=None, packages_start=None, packages_end=None, allow_overriding=[], cmake_args=None, cmake_target=None, cmake_target_skip_unavailable=False, cmake_clean_cache=False, cmake_clean_first=False, cmake_force_configure=False, ament_cmake_args=None, catkin_cmake_args=None, catkin_skip_building_tests=False, mixin_files=None, mixin=None, verb_parser=<colcon_mixin.mixin.mixin_argument.MixinArgumentDecorator object at 0xffff97229520>, verb_extension=<colcon_core.verb.build.BuildVerb object at 0xffff97228fe0>, main=<bound method BuildVerb.main of <colcon_core.verb.build.BuildVerb object at 0xffff97228fe0>>, mixin_verb=('build',))
[1.295s] Level 1:colcon.colcon_core.package_discovery:discover_packages(colcon_meta) check parameters
[1.296s] Level 1:colcon.colcon_core.package_discovery:discover_packages(recursive) check parameters
[1.297s] Level 1:colcon.colcon_core.package_discovery:discover_packages(ignore) check parameters
[1.298s] Level 1:colcon.colcon_core.package_discovery:discover_packages(path) check parameters
[1.298s] Level 1:colcon.colcon_core.package_discovery:discover_packages(colcon_meta) discover
[1.300s] Level 1:colcon.colcon_core.package_discovery:discover_packages(recursive) discover
[1.300s] INFO:colcon.colcon_core.package_discovery:Crawling recursively for packages in '/home/robocupmsl/omni3_ws'
[1.301s] Level 1:colcon.colcon_core.package_identification:_identify(.) by extensions ['ignore', 'ignore_ament_install']
[1.301s] Level 1:colcon.colcon_core.package_identification:_identify(.) by extension 'ignore'
[1.302s] Level 1:colcon.colcon_core.package_identification:_identify(.) by extension 'ignore_ament_install'
[1.303s] Level 1:colcon.colcon_core.package_identification:_identify(.) by extensions ['colcon_pkg']
[1.304s] Level 1:colcon.colcon_core.package_identification:_identify(.) by extension 'colcon_pkg'
[1.305s] Level 1:colcon.colcon_core.package_identification:_identify(.) by extensions ['colcon_meta']
[1.306s] Level 1:colcon.colcon_core.package_identification:_identify(.) by extension 'colcon_meta'
[1.307s] Level 1:colcon.colcon_core.package_identification:_identify(.) by extensions ['ros']
[1.308s] Level 1:colcon.colcon_core.package_identification:_identify(.) by extension 'ros'
[1.513s] Level 1:colcon.colcon_core.package_identification:_identify(.) by extensions ['cmake', 'python']
[1.514s] Level 1:colcon.colcon_core.package_identification:_identify(.) by extension 'cmake'
[1.514s] Level 1:colcon.colcon_core.package_identification:_identify(.) by extension 'python'
[1.515s] Level 1:colcon.colcon_core.package_identification:_identify(.) by extensions ['python_setup_py']
[1.515s] Level 1:colcon.colcon_core.package_identification:_identify(.) by extension 'python_setup_py'
[1.518s] Level 1:colcon.colcon_core.package_identification:_identify(build) by extensions ['ignore', 'ignore_ament_install']
[1.519s] Level 1:colcon.colcon_core.package_identification:_identify(build) by extension 'ignore'
[1.520s] Level 1:colcon.colcon_core.package_identification:_identify(build) ignored
[1.521s] Level 1:colcon.colcon_core.package_identification:_identify(install) by extensions ['ignore', 'ignore_ament_install']
[1.522s] Level 1:colcon.colcon_core.package_identification:_identify(install) by extension 'ignore'
[1.523s] Level 1:colcon.colcon_core.package_identification:_identify(install) ignored
[1.525s] Level 1:colcon.colcon_core.package_identification:_identify(log) by extensions ['ignore', 'ignore_ament_install']
[1.525s] Level 1:colcon.colcon_core.package_identification:_identify(log) by extension 'ignore'
[1.526s] Level 1:colcon.colcon_core.package_identification:_identify(log) ignored
[1.527s] Level 1:colcon.colcon_core.package_identification:_identify(src) by extensions ['ignore', 'ignore_ament_install']
[1.527s] Level 1:colcon.colcon_core.package_identification:_identify(src) by extension 'ignore'
[1.528s] Level 1:colcon.colcon_core.package_identification:_identify(src) by extension 'ignore_ament_install'
[1.529s] Level 1:colcon.colcon_core.package_identification:_identify(src) by extensions ['colcon_pkg']
[1.529s] Level 1:colcon.colcon_core.package_identification:_identify(src) by extension 'colcon_pkg'
[1.529s] Level 1:colcon.colcon_core.package_identification:_identify(src) by extensions ['colcon_meta']
[1.530s] Level 1:colcon.colcon_core.package_identification:_identify(src) by extension 'colcon_meta'
[1.530s] Level 1:colcon.colcon_core.package_identification:_identify(src) by extensions ['ros']
[1.530s] Level 1:colcon.colcon_core.package_identification:_identify(src) by extension 'ros'
[1.531s] Level 1:colcon.colcon_core.package_identification:_identify(src) by extensions ['cmake', 'python']
[1.532s] Level 1:colcon.colcon_core.package_identification:_identify(src) by extension 'cmake'
[1.533s] Level 1:colcon.colcon_core.package_identification:_identify(src) by extension 'python'
[1.533s] Level 1:colcon.colcon_core.package_identification:_identify(src) by extensions ['python_setup_py']
[1.534s] Level 1:colcon.colcon_core.package_identification:_identify(src) by extension 'python_setup_py'
[1.535s] Level 1:colcon.colcon_core.package_identification:_identify(src/omnirobot_control) by extensions ['ignore', 'ignore_ament_install']
[1.536s] Level 1:colcon.colcon_core.package_identification:_identify(src/omnirobot_control) by extension 'ignore'
[1.536s] Level 1:colcon.colcon_core.package_identification:_identify(src/omnirobot_control) by extension 'ignore_ament_install'
[1.537s] Level 1:colcon.colcon_core.package_identification:_identify(src/omnirobot_control) by extensions ['colcon_pkg']
[1.537s] Level 1:colcon.colcon_core.package_identification:_identify(src/omnirobot_control) by extension 'colcon_pkg'
[1.537s] Level 1:colcon.colcon_core.package_identification:_identify(src/omnirobot_control) by extensions ['colcon_meta']
[1.538s] Level 1:colcon.colcon_core.package_identification:_identify(src/omnirobot_control) by extension 'colcon_meta'
[1.540s] Level 1:colcon.colcon_core.package_identification:_identify(src/omnirobot_control) by extensions ['ros']
[1.542s] Level 1:colcon.colcon_core.package_identification:_identify(src/omnirobot_control) by extension 'ros'
[1.558s] DEBUG:colcon.colcon_core.package_identification:Package 'src/omnirobot_control' with type 'ros.ament_python' and name 'omnirobot_control'
[1.558s] Level 1:colcon.colcon_core.package_discovery:discover_packages(recursive) using defaults
[1.559s] Level 1:colcon.colcon_core.package_discovery:discover_packages(ignore) discover
[1.559s] Level 1:colcon.colcon_core.package_discovery:discover_packages(ignore) using defaults
[1.559s] Level 1:colcon.colcon_core.package_discovery:discover_packages(path) discover
[1.559s] Level 1:colcon.colcon_core.package_discovery:discover_packages(path) using defaults
[1.669s] Level 1:colcon.colcon_core.package_discovery:discover_packages(prefix_path) check parameters
[1.670s] Level 1:colcon.colcon_core.package_discovery:discover_packages(prefix_path) discover
[1.696s] DEBUG:colcon.colcon_installed_package_information.package_discovery:Found 1 installed packages in /home/robocupmsl/omni3_ws/install
[1.701s] DEBUG:colcon.colcon_installed_package_information.package_discovery:Found 1 installed packages in /home/robocupmsl/ros2_ws/install
[1.705s] DEBUG:colcon.colcon_installed_package_information.package_discovery:Found 1 installed packages in /home/robocupmsl/omni3_erden/install
[1.716s] DEBUG:colcon.colcon_installed_package_information.package_discovery:Found 259 installed packages in /opt/ros/jazzy
[1.728s] Level 1:colcon.colcon_core.package_discovery:discover_packages(prefix_path) using defaults
[2.056s] Level 5:colcon.colcon_core.verb:set package 'omnirobot_control' build argument 'cmake_args' from command line to 'None'
[2.056s] Level 5:colcon.colcon_core.verb:set package 'omnirobot_control' build argument 'cmake_target' from command line to 'None'
[2.056s] Level 5:colcon.colcon_core.verb:set package 'omnirobot_control' build argument 'cmake_target_skip_unavailable' from command line to 'False'
[2.057s] Level 5:colcon.colcon_core.verb:set package 'omnirobot_control' build argument 'cmake_clean_cache' from command line to 'False'
[2.057s] Level 5:colcon.colcon_core.verb:set package 'omnirobot_control' build argument 'cmake_clean_first' from command line to 'False'
[2.057s] Level 5:colcon.colcon_core.verb:set package 'omnirobot_control' build argument 'cmake_force_configure' from command line to 'False'
[2.057s] Level 5:colcon.colcon_core.verb:set package 'omnirobot_control' build argument 'ament_cmake_args' from command line to 'None'
[2.057s] Level 5:colcon.colcon_core.verb:set package 'omnirobot_control' build argument 'catkin_cmake_args' from command line to 'None'
[2.057s] Level 5:colcon.colcon_core.verb:set package 'omnirobot_control' build argument 'catkin_skip_building_tests' from command line to 'False'
[2.057s] DEBUG:colcon.colcon_core.verb:Building package 'omnirobot_control' with the following arguments: {'ament_cmake_args': None, 'build_base': '/home/robocupmsl/omni3_ws/build/omnirobot_control', 'catkin_cmake_args': None, 'catkin_skip_building_tests': False, 'cmake_args': None, 'cmake_clean_cache': False, 'cmake_clean_first': False, 'cmake_force_configure': False, 'cmake_target': None, 'cmake_target_skip_unavailable': False, 'install_base': '/home/robocupmsl/omni3_ws/install/omnirobot_control', 'merge_install': False, 'path': '/home/robocupmsl/omni3_ws/src/omnirobot_control', 'symlink_install': True, 'test_result_base': None}
[2.058s] INFO:colcon.colcon_core.executor:Executing jobs using 'parallel' executor
[2.064s] DEBUG:colcon.colcon_parallel_executor.executor.parallel:run_until_complete
[2.067s] INFO:colcon.colcon_ros.task.ament_python.build:Building ROS package in '/home/robocupmsl/omni3_ws/src/omnirobot_control' with build type 'ament_python'
[2.069s] Level 1:colcon.colcon_core.shell:create_environment_hook('omnirobot_control', 'ament_prefix_path')
[2.085s] INFO:colcon.colcon_core.plugin_system:Skipping extension 'colcon_core.shell.bat': Not used on non-Windows systems
[2.086s] INFO:colcon.colcon_core.shell:Creating environment hook '/home/robocupmsl/omni3_ws/install/omnirobot_control/share/omnirobot_control/hook/ament_prefix_path.ps1'
[2.091s] INFO:colcon.colcon_core.shell:Creating environment descriptor '/home/robocupmsl/omni3_ws/install/omnirobot_control/share/omnirobot_control/hook/ament_prefix_path.dsv'
[2.099s] INFO:colcon.colcon_core.shell:Creating environment hook '/home/robocupmsl/omni3_ws/install/omnirobot_control/share/omnirobot_control/hook/ament_prefix_path.sh'
[2.104s] INFO:colcon.colcon_core.shell:Skip shell extension 'powershell' for command environment: Not usable outside of PowerShell
[2.105s] DEBUG:colcon.colcon_core.shell:Skip shell extension 'dsv' for command environment
[4.163s] INFO:colcon.colcon_core.task.python.build:Building Python package in '/home/robocupmsl/omni3_ws/src/omnirobot_control'
[4.164s] INFO:colcon.colcon_core.shell:Skip shell extension 'powershell' for command environment: Not usable outside of PowerShell
[4.170s] DEBUG:colcon.colcon_core.shell:Skip shell extension 'dsv' for command environment
[11.134s] DEBUG:colcon.colcon_core.task.python.build:While undoing a previous installation files outside the Python library path are being ignored: /home/robocupmsl/omni3_ws/install/omnirobot_control/share/ament_index/resource_index/packages/omnirobot_control
[11.136s] DEBUG:colcon.colcon_core.task.python.build:While undoing a previous installation files outside the Python library path are being ignored: /home/robocupmsl/omni3_ws/install/omnirobot_control/share/omnirobot_control/package.xml
[11.137s] DEBUG:colcon.colcon_core.task.python.build:While undoing a previous installation files outside the Python library path are being ignored: /home/robocupmsl/omni3_ws/install/omnirobot_control/share/omnirobot_control/rviz/navigator.rviz
[11.138s] DEBUG:colcon.colcon_core.task.python.build:While undoing a previous installation files outside the Python library path are being ignored: /home/robocupmsl/omni3_ws/install/omnirobot_control/share/omnirobot_control/config/roboclaw_params.yaml
[11.138s] DEBUG:colcon.colcon_core.task.python.build:While undoing a previous installation files outside the Python library path are being ignored: /home/robocupmsl/omni3_ws/install/omnirobot_control/share/omnirobot_control/config/params.yaml
[11.138s] DEBUG:colcon.colcon_core.task.python.build:While undoing a previous installation files outside the Python library path are being ignored: /home/robocupmsl/omni3_ws/install/omnirobot_control/share/omnirobot_control/launch/navigation.launch.py
[11.142s] DEBUG:colcon.colcon_core.task.python.build:While undoing a previous installation files outside the Python library path are being ignored: /home/robocupmsl/omni3_ws/install/omnirobot_control/lib/omnirobot_control/global_planner_node
[11.142s] DEBUG:colcon.colcon_core.task.python.build:While undoing a previous installation files outside the Python library path are being ignored: /home/robocupmsl/omni3_ws/install/omnirobot_control/lib/omnirobot_control/goal_node
[11.142s] DEBUG:colcon.colcon_core.task.python.build:While undoing a previous installation files outside the Python library path are being ignored: /home/robocupmsl/omni3_ws/install/omnirobot_control/lib/omnirobot_control/kinematics_node
[11.145s] DEBUG:colcon.colcon_core.task.python.build:While undoing a previous installation files outside the Python library path are being ignored: /home/robocupmsl/omni3_ws/install/omnirobot_control/lib/omnirobot_control/lidar_node
[11.145s] DEBUG:colcon.colcon_core.task.python.build:While undoing a previous installation files outside the Python library path are being ignored: /home/robocupmsl/omni3_ws/install/omnirobot_control/lib/omnirobot_control/navigator_node
[11.146s] DEBUG:colcon.colcon_core.task.python.build:While undoing a previous installation files outside the Python library path are being ignored: /home/robocupmsl/omni3_ws/install/omnirobot_control/lib/omnirobot_control/perception_node
[11.146s] DEBUG:colcon.colcon_core.task.python.build:While undoing a previous installation files outside the Python library path are being ignored: /home/robocupmsl/omni3_ws/install/omnirobot_control/lib/omnirobot_control/trajectory_smoother_node
[11.176s] DEBUG:colcon.colcon_core.event_handler.log_command:Invoking command in '/home/robocupmsl/omni3_ws/build/omnirobot_control': DEBUGINFOD_URLS=https://debuginfod.ubuntu.com PYTHONPATH=/home/robocupmsl/omni3_ws/build/omnirobot_control/prefix_override:/usr/lib/python3/dist-packages/colcon_core/task/python/colcon_distutils_commands:/home/robocupmsl/omni3_ws/install/omnirobot_control/lib/python3.12/site-packages:${PYTHONPATH} /usr/bin/python3 -W ignore:setup.py install is deprecated -W ignore:easy_install command is deprecated setup.py develop --editable --build-directory /home/robocupmsl/omni3_ws/build/omnirobot_control/build --no-deps symlink_data --force
[20.201s] Level 1:colcon.colcon_core.shell:create_environment_hook('omnirobot_control', 'pythonpath_develop')
[20.202s] INFO:colcon.colcon_core.shell:Creating environment hook '/home/robocupmsl/omni3_ws/build/omnirobot_control/share/omnirobot_control/hook/pythonpath_develop.ps1'
[20.211s] DEBUG:colcon.colcon_core.event_handler.log_command:Invoked command in '/home/robocupmsl/omni3_ws/build/omnirobot_control' returned '0': DEBUGINFOD_URLS=https://debuginfod.ubuntu.com PYTHONPATH=/home/robocupmsl/omni3_ws/build/omnirobot_control/prefix_override:/usr/lib/python3/dist-packages/colcon_core/task/python/colcon_distutils_commands:/home/robocupmsl/omni3_ws/install/omnirobot_control/lib/python3.12/site-packages:${PYTHONPATH} /usr/bin/python3 -W ignore:setup.py install is deprecated -W ignore:easy_install command is deprecated setup.py develop --editable --build-directory /home/robocupmsl/omni3_ws/build/omnirobot_control/build --no-deps symlink_data --force
[20.215s] INFO:colcon.colcon_core.shell:Creating environment descriptor '/home/robocupmsl/omni3_ws/build/omnirobot_control/share/omnirobot_control/hook/pythonpath_develop.dsv'
[20.230s] INFO:colcon.colcon_core.shell:Creating environment hook '/home/robocupmsl/omni3_ws/build/omnirobot_control/share/omnirobot_control/hook/pythonpath_develop.sh'
[20.316s] Level 1:colcon.colcon_core.environment:checking '/home/robocupmsl/omni3_ws/install/omnirobot_control' for CMake module files
[20.331s] Level 1:colcon.colcon_core.environment:checking '/home/robocupmsl/omni3_ws/install/omnirobot_control' for CMake config files
[20.350s] Level 1:colcon.colcon_core.environment:checking '/home/robocupmsl/omni3_ws/install/omnirobot_control/lib'
[20.352s] Level 1:colcon.colcon_core.environment:checking '/home/robocupmsl/omni3_ws/install/omnirobot_control/bin'
[20.352s] Level 1:colcon.colcon_core.environment:checking '/home/robocupmsl/omni3_ws/install/omnirobot_control/lib/pkgconfig/omnirobot_control.pc'
[20.361s] Level 1:colcon.colcon_core.environment:checking '/home/robocupmsl/omni3_ws/install/omnirobot_control/lib/python3.12/site-packages'
[20.362s] Level 1:colcon.colcon_core.shell:create_environment_hook('omnirobot_control', 'pythonpath')
[20.370s] INFO:colcon.colcon_core.shell:Creating environment hook '/home/robocupmsl/omni3_ws/install/omnirobot_control/share/omnirobot_control/hook/pythonpath.ps1'
[20.381s] INFO:colcon.colcon_core.shell:Creating environment descriptor '/home/robocupmsl/omni3_ws/install/omnirobot_control/share/omnirobot_control/hook/pythonpath.dsv'
[20.393s] INFO:colcon.colcon_core.shell:Creating environment hook '/home/robocupmsl/omni3_ws/install/omnirobot_control/share/omnirobot_control/hook/pythonpath.sh'
[20.414s] Level 1:colcon.colcon_core.environment:checking '/home/robocupmsl/omni3_ws/install/omnirobot_control/bin'
[20.419s] Level 1:colcon.colcon_core.environment:create_environment_scripts_only(omnirobot_control)
[20.423s] INFO:colcon.colcon_core.shell:Creating package script '/home/robocupmsl/omni3_ws/install/omnirobot_control/share/omnirobot_control/package.ps1'
[20.452s] INFO:colcon.colcon_core.shell:Creating package descriptor '/home/robocupmsl/omni3_ws/install/omnirobot_control/share/omnirobot_control/package.dsv'
[20.474s] INFO:colcon.colcon_core.shell:Creating package script '/home/robocupmsl/omni3_ws/install/omnirobot_control/share/omnirobot_control/package.sh'
[20.499s] INFO:colcon.colcon_core.shell:Creating package script '/home/robocupmsl/omni3_ws/install/omnirobot_control/share/omnirobot_control/package.bash'
[20.518s] INFO:colcon.colcon_core.shell:Creating package script '/home/robocupmsl/omni3_ws/install/omnirobot_control/share/omnirobot_control/package.zsh'
[20.532s] Level 1:colcon.colcon_core.environment:create_file_with_runtime_dependencies(/home/robocupmsl/omni3_ws/install/omnirobot_control/share/colcon-core/packages/omnirobot_control)
[20.540s] DEBUG:colcon.colcon_parallel_executor.executor.parallel:closing loop
[20.540s] DEBUG:colcon.colcon_parallel_executor.executor.parallel:loop closed
[20.553s] DEBUG:colcon.colcon_parallel_executor.executor.parallel:run_until_complete finished with '0'
[20.553s] DEBUG:colcon.colcon_core.event_reactor:joining thread
[20.675s] INFO:colcon.colcon_core.plugin_system:Skipping extension 'colcon_notification.desktop_notification.terminal_notifier': Not used on non-Darwin systems
[20.681s] INFO:colcon.colcon_core.plugin_system:Skipping extension 'colcon_notification.desktop_notification.win32': Not used on non-Windows systems
[20.681s] INFO:colcon.colcon_notification.desktop_notification:Sending desktop notification using 'notify2'
[20.852s] DEBUG:colcon.colcon_core.event_reactor:joined thread
[20.853s] INFO:colcon.colcon_core.shell:Creating prefix script '/home/robocupmsl/omni3_ws/install/local_setup.ps1'
[20.917s] INFO:colcon.colcon_core.shell:Creating prefix util module '/home/robocupmsl/omni3_ws/install/_local_setup_util_ps1.py'
[20.975s] INFO:colcon.colcon_core.shell:Creating prefix chain script '/home/robocupmsl/omni3_ws/install/setup.ps1'
[21.022s] INFO:colcon.colcon_core.shell:Creating prefix script '/home/robocupmsl/omni3_ws/install/local_setup.sh'
[21.039s] INFO:colcon.colcon_core.shell:Creating prefix util module '/home/robocupmsl/omni3_ws/install/_local_setup_util_sh.py'
[21.076s] INFO:colcon.colcon_core.shell:Creating prefix chain script '/home/robocupmsl/omni3_ws/install/setup.sh'
[21.125s] INFO:colcon.colcon_core.shell:Creating prefix script '/home/robocupmsl/omni3_ws/install/local_setup.bash'
[21.138s] INFO:colcon.colcon_core.shell:Creating prefix chain script '/home/robocupmsl/omni3_ws/install/setup.bash'
[21.190s] INFO:colcon.colcon_core.shell:Creating prefix script '/home/robocupmsl/omni3_ws/install/local_setup.zsh'
[21.197s] INFO:colcon.colcon_core.shell:Creating prefix chain script '/home/robocupmsl/omni3_ws/install/setup.zsh'
