[9.106s] Invoking command in '/home/robocupmsl/omni3_ws/build/omnirobot_control': DEBUGINFOD_URLS=https://debuginfod.ubuntu.com PYTHONPATH=/home/robocupmsl/omni3_ws/build/omnirobot_control/prefix_override:/usr/lib/python3/dist-packages/colcon_core/task/python/colcon_distutils_commands:/home/robocupmsl/omni3_ws/install/omnirobot_control/lib/python3.12/site-packages:${PYTHONPATH} /usr/bin/python3 -W ignore:setup.py install is deprecated -W ignore:easy_install command is deprecated setup.py develop --editable --build-directory /home/robocupmsl/omni3_ws/build/omnirobot_control/build --no-deps symlink_data --force
[12.935s] running develop
[16.068s] /usr/lib/python3/dist-packages/setuptools/command/easy_install.py:363: UserWarning: Unbuilt egg for pytest-repeat [unknown version] (/usr/lib/python3/dist-packages)
[16.077s]   self.local_index = Environment(self.shadow_path + sys.path)
[16.696s] running egg_info
[16.950s] writing omnirobot_control.egg-info/PKG-INFO
[16.950s] writing dependency_links to omnirobot_control.egg-info/dependency_links.txt
[16.961s] writing entry points to omnirobot_control.egg-info/entry_points.txt
[16.962s] writing requirements to omnirobot_control.egg-info/requires.txt
[16.962s] writing top-level names to omnirobot_control.egg-info/top_level.txt
[17.537s] reading manifest file 'omnirobot_control.egg-info/SOURCES.txt'
[17.538s] writing manifest file 'omnirobot_control.egg-info/SOURCES.txt'
[17.798s] running build_ext
[17.803s] Creating /home/robocupmsl/omni3_ws/install/omnirobot_control/lib/python3.12/site-packages/omnirobot-control.egg-link (link to .)
[17.806s] Installing global_planner_node script to /home/robocupmsl/omni3_ws/install/omnirobot_control/lib/omnirobot_control
[17.812s] Installing goal_node script to /home/robocupmsl/omni3_ws/install/omnirobot_control/lib/omnirobot_control
[17.813s] Installing kinematics_node script to /home/robocupmsl/omni3_ws/install/omnirobot_control/lib/omnirobot_control
[17.813s] Installing lidar_node script to /home/robocupmsl/omni3_ws/install/omnirobot_control/lib/omnirobot_control
[17.814s] Installing navigator_node script to /home/robocupmsl/omni3_ws/install/omnirobot_control/lib/omnirobot_control
[17.833s] Installing perception_node script to /home/robocupmsl/omni3_ws/install/omnirobot_control/lib/omnirobot_control
[17.834s] Installing trajectory_smoother_node script to /home/robocupmsl/omni3_ws/install/omnirobot_control/lib/omnirobot_control
[17.834s] 
[17.839s] Installed /home/robocupmsl/omni3_ws/build/omnirobot_control
[17.840s] running symlink_data
[17.841s] symbolically linking /home/robocupmsl/omni3_ws/build/omnirobot_control/resource/omnirobot_control -> /home/robocupmsl/omni3_ws/install/omnirobot_control/share/ament_index/resource_index/packages
[17.847s] symbolically linking /home/robocupmsl/omni3_ws/build/omnirobot_control/package.xml -> /home/robocupmsl/omni3_ws/install/omnirobot_control/share/omnirobot_control
[17.848s] symbolically linking /home/robocupmsl/omni3_ws/build/omnirobot_control/rviz/navigator.rviz -> /home/robocupmsl/omni3_ws/install/omnirobot_control/share/omnirobot_control/rviz
[17.856s] symbolically linking /home/robocupmsl/omni3_ws/build/omnirobot_control/config/roboclaw_params.yaml -> /home/robocupmsl/omni3_ws/install/omnirobot_control/share/omnirobot_control/config
[17.857s] symbolically linking /home/robocupmsl/omni3_ws/build/omnirobot_control/config/params.yaml -> /home/robocupmsl/omni3_ws/install/omnirobot_control/share/omnirobot_control/config
[17.859s] symbolically linking /home/robocupmsl/omni3_ws/build/omnirobot_control/launch/navigation.launch.py -> /home/robocupmsl/omni3_ws/install/omnirobot_control/share/omnirobot_control/launch
[18.140s] Invoked command in '/home/robocupmsl/omni3_ws/build/omnirobot_control' returned '0': DEBUGINFOD_URLS=https://debuginfod.ubuntu.com PYTHONPATH=/home/robocupmsl/omni3_ws/build/omnirobot_control/prefix_override:/usr/lib/python3/dist-packages/colcon_core/task/python/colcon_distutils_commands:/home/robocupmsl/omni3_ws/install/omnirobot_control/lib/python3.12/site-packages:${PYTHONPATH} /usr/bin/python3 -W ignore:setup.py install is deprecated -W ignore:easy_install command is deprecated setup.py develop --editable --build-directory /home/robocupmsl/omni3_ws/build/omnirobot_control/build --no-deps symlink_data --force
