[4.583s] Invoking command in '/home/robocupmsl/omni3_ws/build/omnirobot_control': DEBUGINFOD_URLS=https://debuginfod.ubuntu.com PYTHONPATH=/home/robocupmsl/omni3_ws/build/omnirobot_control/prefix_override:/usr/lib/python3/dist-packages/colcon_core/task/python/colcon_distutils_commands:/home/robocupmsl/omni3_ws/install/omnirobot_control/lib/python3.12/site-packages:${PYTHONPATH} /usr/bin/python3 -W ignore:setup.py install is deprecated -W ignore:easy_install command is deprecated setup.py develop --uninstall --editable --build-directory /home/robocupmsl/omni3_ws/build/omnirobot_control/build
[6.259s] running develop
[7.230s] /usr/lib/python3/dist-packages/setuptools/command/easy_install.py:363: UserWarning: Unbuilt egg for pytest-repeat [unknown version] (/usr/lib/python3/dist-packages)
[7.231s]   self.local_index = Environment(self.shadow_path + sys.path)
[7.480s] Removing /home/robocupmsl/omni3_ws/install/omnirobot_control/lib/python3.12/site-packages/omnirobot-control.egg-link (link to .)
[7.655s] Invoked command in '/home/robocupmsl/omni3_ws/build/omnirobot_control' returned '0': DEBUGINFOD_URLS=https://debuginfod.ubuntu.com PYTHONPATH=/home/robocupmsl/omni3_ws/build/omnirobot_control/prefix_override:/usr/lib/python3/dist-packages/colcon_core/task/python/colcon_distutils_commands:/home/robocupmsl/omni3_ws/install/omnirobot_control/lib/python3.12/site-packages:${PYTHONPATH} /usr/bin/python3 -W ignore:setup.py install is deprecated -W ignore:easy_install command is deprecated setup.py develop --uninstall --editable --build-directory /home/robocupmsl/omni3_ws/build/omnirobot_control/build
[7.664s] Invoking command in '/home/robocupmsl/omni3_ws/src/omnirobot_control': DEBUGINFOD_URLS=https://debuginfod.ubuntu.com PYTHONPATH=/home/robocupmsl/omni3_ws/build/omnirobot_control/prefix_override:/usr/lib/python3/dist-packages/colcon_core/task/python/colcon_distutils_commands:/home/robocupmsl/omni3_ws/install/omnirobot_control/lib/python3.12/site-packages:${PYTHONPATH} /usr/bin/python3 -W ignore:setup.py install is deprecated -W ignore:easy_install command is deprecated setup.py egg_info --egg-base ../../build/omnirobot_control build --build-base /home/robocupmsl/omni3_ws/build/omnirobot_control/build install --record /home/robocupmsl/omni3_ws/build/omnirobot_control/install.log --single-version-externally-managed install_data --force
[9.069s] running egg_info
[9.182s] writing ../../build/omnirobot_control/omnirobot_control.egg-info/PKG-INFO
[9.184s] writing dependency_links to ../../build/omnirobot_control/omnirobot_control.egg-info/dependency_links.txt
[9.186s] writing entry points to ../../build/omnirobot_control/omnirobot_control.egg-info/entry_points.txt
[9.187s] writing requirements to ../../build/omnirobot_control/omnirobot_control.egg-info/requires.txt
[9.188s] writing top-level names to ../../build/omnirobot_control/omnirobot_control.egg-info/top_level.txt
[9.404s] reading manifest file '../../build/omnirobot_control/omnirobot_control.egg-info/SOURCES.txt'
[9.409s] writing manifest file '../../build/omnirobot_control/omnirobot_control.egg-info/SOURCES.txt'
[9.410s] running build
[9.410s] running build_py
[9.412s] copying omnirobot_control/trajectory_smoother_node.py -> /home/robocupmsl/omni3_ws/build/omnirobot_control/build/lib/omnirobot_control
[9.414s] copying omnirobot_control/navigator_node.py -> /home/robocupmsl/omni3_ws/build/omnirobot_control/build/lib/omnirobot_control
[9.416s] copying omnirobot_control/global_planner_node.py -> /home/robocupmsl/omni3_ws/build/omnirobot_control/build/lib/omnirobot_control
[9.419s] running install
[9.445s] running install_lib
[9.555s] creating /home/robocupmsl/omni3_ws/install/omnirobot_control/lib/python3.12/site-packages/omnirobot_control
[9.556s] copying /home/robocupmsl/omni3_ws/build/omnirobot_control/build/lib/omnirobot_control/quintic_segment.py -> /home/robocupmsl/omni3_ws/install/omnirobot_control/lib/python3.12/site-packages/omnirobot_control
[9.557s] copying /home/robocupmsl/omni3_ws/build/omnirobot_control/build/lib/omnirobot_control/__init__.py -> /home/robocupmsl/omni3_ws/install/omnirobot_control/lib/python3.12/site-packages/omnirobot_control
[9.559s] copying /home/robocupmsl/omni3_ws/build/omnirobot_control/build/lib/omnirobot_control/perception.py -> /home/robocupmsl/omni3_ws/install/omnirobot_control/lib/python3.12/site-packages/omnirobot_control
[9.560s] copying /home/robocupmsl/omni3_ws/build/omnirobot_control/build/lib/omnirobot_control/rrt_star.py -> /home/robocupmsl/omni3_ws/install/omnirobot_control/lib/python3.12/site-packages/omnirobot_control
[9.561s] copying /home/robocupmsl/omni3_ws/build/omnirobot_control/build/lib/omnirobot_control/trajectory_smoother_node.py -> /home/robocupmsl/omni3_ws/install/omnirobot_control/lib/python3.12/site-packages/omnirobot_control
[9.563s] copying /home/robocupmsl/omni3_ws/build/omnirobot_control/build/lib/omnirobot_control/perception_node.py -> /home/robocupmsl/omni3_ws/install/omnirobot_control/lib/python3.12/site-packages/omnirobot_control
[9.565s] copying /home/robocupmsl/omni3_ws/build/omnirobot_control/build/lib/omnirobot_control/kinematics_node.py -> /home/robocupmsl/omni3_ws/install/omnirobot_control/lib/python3.12/site-packages/omnirobot_control
[9.566s] copying /home/robocupmsl/omni3_ws/build/omnirobot_control/build/lib/omnirobot_control/LidarLib.py -> /home/robocupmsl/omni3_ws/install/omnirobot_control/lib/python3.12/site-packages/omnirobot_control
[9.568s] copying /home/robocupmsl/omni3_ws/build/omnirobot_control/build/lib/omnirobot_control/roboclaw.py -> /home/robocupmsl/omni3_ws/install/omnirobot_control/lib/python3.12/site-packages/omnirobot_control
[9.569s] copying /home/robocupmsl/omni3_ws/build/omnirobot_control/build/lib/omnirobot_control/navigator_node.py -> /home/robocupmsl/omni3_ws/install/omnirobot_control/lib/python3.12/site-packages/omnirobot_control
[9.571s] copying /home/robocupmsl/omni3_ws/build/omnirobot_control/build/lib/omnirobot_control/lidar_node.py -> /home/robocupmsl/omni3_ws/install/omnirobot_control/lib/python3.12/site-packages/omnirobot_control
[9.574s] copying /home/robocupmsl/omni3_ws/build/omnirobot_control/build/lib/omnirobot_control/global_planner_node.py -> /home/robocupmsl/omni3_ws/install/omnirobot_control/lib/python3.12/site-packages/omnirobot_control
[9.578s] copying /home/robocupmsl/omni3_ws/build/omnirobot_control/build/lib/omnirobot_control/kinematics.py -> /home/robocupmsl/omni3_ws/install/omnirobot_control/lib/python3.12/site-packages/omnirobot_control
[9.580s] copying /home/robocupmsl/omni3_ws/build/omnirobot_control/build/lib/omnirobot_control/goal_node.py -> /home/robocupmsl/omni3_ws/install/omnirobot_control/lib/python3.12/site-packages/omnirobot_control
[9.588s] byte-compiling /home/robocupmsl/omni3_ws/install/omnirobot_control/lib/python3.12/site-packages/omnirobot_control/quintic_segment.py to quintic_segment.cpython-312.pyc
[9.604s] byte-compiling /home/robocupmsl/omni3_ws/install/omnirobot_control/lib/python3.12/site-packages/omnirobot_control/__init__.py to __init__.cpython-312.pyc
[9.606s] byte-compiling /home/robocupmsl/omni3_ws/install/omnirobot_control/lib/python3.12/site-packages/omnirobot_control/perception.py to perception.cpython-312.pyc
[9.613s] byte-compiling /home/robocupmsl/omni3_ws/install/omnirobot_control/lib/python3.12/site-packages/omnirobot_control/rrt_star.py to rrt_star.cpython-312.pyc
[9.624s] byte-compiling /home/robocupmsl/omni3_ws/install/omnirobot_control/lib/python3.12/site-packages/omnirobot_control/trajectory_smoother_node.py to trajectory_smoother_node.cpython-312.pyc
[9.630s] byte-compiling /home/robocupmsl/omni3_ws/install/omnirobot_control/lib/python3.12/site-packages/omnirobot_control/perception_node.py to perception_node.cpython-312.pyc
[9.642s] byte-compiling /home/robocupmsl/omni3_ws/install/omnirobot_control/lib/python3.12/site-packages/omnirobot_control/kinematics_node.py to kinematics_node.cpython-312.pyc
[9.650s] byte-compiling /home/robocupmsl/omni3_ws/install/omnirobot_control/lib/python3.12/site-packages/omnirobot_control/LidarLib.py to LidarLib.cpython-312.pyc
[9.660s] byte-compiling /home/robocupmsl/omni3_ws/install/omnirobot_control/lib/python3.12/site-packages/omnirobot_control/roboclaw.py to roboclaw.cpython-312.pyc
[9.671s] byte-compiling /home/robocupmsl/omni3_ws/install/omnirobot_control/lib/python3.12/site-packages/omnirobot_control/navigator_node.py to navigator_node.cpython-312.pyc
[9.689s] byte-compiling /home/robocupmsl/omni3_ws/install/omnirobot_control/lib/python3.12/site-packages/omnirobot_control/lidar_node.py to lidar_node.cpython-312.pyc
[9.694s] byte-compiling /home/robocupmsl/omni3_ws/install/omnirobot_control/lib/python3.12/site-packages/omnirobot_control/global_planner_node.py to global_planner_node.cpython-312.pyc
[9.702s] byte-compiling /home/robocupmsl/omni3_ws/install/omnirobot_control/lib/python3.12/site-packages/omnirobot_control/kinematics.py to kinematics.cpython-312.pyc
[9.709s] byte-compiling /home/robocupmsl/omni3_ws/install/omnirobot_control/lib/python3.12/site-packages/omnirobot_control/goal_node.py to goal_node.cpython-312.pyc
[9.713s] running install_data
[9.714s] copying resource/omnirobot_control -> /home/robocupmsl/omni3_ws/install/omnirobot_control/share/ament_index/resource_index/packages
[9.716s] copying package.xml -> /home/robocupmsl/omni3_ws/install/omnirobot_control/share/omnirobot_control
[9.716s] copying rviz/navigator.rviz -> /home/robocupmsl/omni3_ws/install/omnirobot_control/share/omnirobot_control/rviz
[9.717s] copying config/roboclaw_params.yaml -> /home/robocupmsl/omni3_ws/install/omnirobot_control/share/omnirobot_control/config
[9.718s] copying config/params.yaml -> /home/robocupmsl/omni3_ws/install/omnirobot_control/share/omnirobot_control/config
[9.720s] copying launch/navigation.launch.py -> /home/robocupmsl/omni3_ws/install/omnirobot_control/share/omnirobot_control/launch
[9.721s] running install_egg_info
[9.903s] Copying ../../build/omnirobot_control/omnirobot_control.egg-info to /home/robocupmsl/omni3_ws/install/omnirobot_control/lib/python3.12/site-packages/omnirobot_control-0.0.1-py3.12.egg-info
[9.918s] running install_scripts
[11.088s] Installing global_planner_node script to /home/robocupmsl/omni3_ws/install/omnirobot_control/lib/omnirobot_control
[11.095s] Installing goal_node script to /home/robocupmsl/omni3_ws/install/omnirobot_control/lib/omnirobot_control
[11.097s] Installing kinematics_node script to /home/robocupmsl/omni3_ws/install/omnirobot_control/lib/omnirobot_control
[11.097s] Installing lidar_node script to /home/robocupmsl/omni3_ws/install/omnirobot_control/lib/omnirobot_control
[11.098s] Installing navigator_node script to /home/robocupmsl/omni3_ws/install/omnirobot_control/lib/omnirobot_control
[11.099s] Installing perception_node script to /home/robocupmsl/omni3_ws/install/omnirobot_control/lib/omnirobot_control
[11.103s] Installing trajectory_smoother_node script to /home/robocupmsl/omni3_ws/install/omnirobot_control/lib/omnirobot_control
[11.105s] writing list of installed files to '/home/robocupmsl/omni3_ws/build/omnirobot_control/install.log'
[11.290s] Invoked command in '/home/robocupmsl/omni3_ws/src/omnirobot_control' returned '0': DEBUGINFOD_URLS=https://debuginfod.ubuntu.com PYTHONPATH=/home/robocupmsl/omni3_ws/build/omnirobot_control/prefix_override:/usr/lib/python3/dist-packages/colcon_core/task/python/colcon_distutils_commands:/home/robocupmsl/omni3_ws/install/omnirobot_control/lib/python3.12/site-packages:${PYTHONPATH} /usr/bin/python3 -W ignore:setup.py install is deprecated -W ignore:easy_install command is deprecated setup.py egg_info --egg-base ../../build/omnirobot_control build --build-base /home/robocupmsl/omni3_ws/build/omnirobot_control/build install --record /home/robocupmsl/omni3_ws/build/omnirobot_control/install.log --single-version-externally-managed install_data --force
