[1.059s] DEBUG:colcon:Command line arguments: ['/usr/bin/colcon', 'build', '--symlink-install', '--packages-select', 'omnirobot_control']
[1.060s] DEBUG:colcon:Parsed command line arguments: Namespace(log_base=None, log_level=None, verb_name='build', build_base='build', install_base='install', merge_install=False, symlink_install=True, test_result_base=None, continue_on_error=False, executor='parallel', parallel_workers=4, event_handlers=None, ignore_user_meta=False, metas=['./colcon.meta'], base_paths=['.'], packages_ignore=None, packages_ignore_regex=None, paths=None, packages_up_to=None, packages_up_to_regex=None, packages_above=None, packages_above_and_dependencies=None, packages_above_depth=None, packages_select_by_dep=None, packages_skip_by_dep=None, packages_skip_up_to=None, packages_select_build_failed=False, packages_skip_build_finished=False, packages_select_test_failures=False, packages_skip_test_passed=False, packages_select=['omnirobot_control'], packages_skip=None, packages_select_regex=None, packages_skip_regex=None, packages_start=None, packages_end=None, allow_overriding=[], cmake_args=None, cmake_target=None, cmake_target_skip_unavailable=False, cmake_clean_cache=False, cmake_clean_first=False, cmake_force_configure=False, ament_cmake_args=None, catkin_cmake_args=None, catkin_skip_building_tests=False, mixin_files=None, mixin=None, verb_parser=<colcon_mixin.mixin.mixin_argument.MixinArgumentDecorator object at 0xffff8a00d400>, verb_extension=<colcon_core.verb.build.BuildVerb object at 0xffff8a00cf80>, main=<bound method BuildVerb.main of <colcon_core.verb.build.BuildVerb object at 0xffff8a00cf80>>, mixin_verb=('build',))
[1.355s] Level 1:colcon.colcon_core.package_discovery:discover_packages(colcon_meta) check parameters
[1.356s] Level 1:colcon.colcon_core.package_discovery:discover_packages(recursive) check parameters
[1.356s] Level 1:colcon.colcon_core.package_discovery:discover_packages(ignore) check parameters
[1.357s] Level 1:colcon.colcon_core.package_discovery:discover_packages(path) check parameters
[1.357s] Level 1:colcon.colcon_core.package_discovery:discover_packages(colcon_meta) discover
[1.358s] Level 1:colcon.colcon_core.package_discovery:discover_packages(recursive) discover
[1.359s] INFO:colcon.colcon_core.package_discovery:Crawling recursively for packages in '/home/robocupmsl/omni3_ws'
[1.359s] Level 1:colcon.colcon_core.package_identification:_identify(.) by extensions ['ignore', 'ignore_ament_install']
[1.360s] Level 1:colcon.colcon_core.package_identification:_identify(.) by extension 'ignore'
[1.360s] Level 1:colcon.colcon_core.package_identification:_identify(.) by extension 'ignore_ament_install'
[1.361s] Level 1:colcon.colcon_core.package_identification:_identify(.) by extensions ['colcon_pkg']
[1.361s] Level 1:colcon.colcon_core.package_identification:_identify(.) by extension 'colcon_pkg'
[1.362s] Level 1:colcon.colcon_core.package_identification:_identify(.) by extensions ['colcon_meta']
[1.362s] Level 1:colcon.colcon_core.package_identification:_identify(.) by extension 'colcon_meta'
[1.362s] Level 1:colcon.colcon_core.package_identification:_identify(.) by extensions ['ros']
[1.363s] Level 1:colcon.colcon_core.package_identification:_identify(.) by extension 'ros'
[1.546s] Level 1:colcon.colcon_core.package_identification:_identify(.) by extensions ['cmake', 'python']
[1.547s] Level 1:colcon.colcon_core.package_identification:_identify(.) by extension 'cmake'
[1.548s] Level 1:colcon.colcon_core.package_identification:_identify(.) by extension 'python'
[1.549s] Level 1:colcon.colcon_core.package_identification:_identify(.) by extensions ['python_setup_py']
[1.549s] Level 1:colcon.colcon_core.package_identification:_identify(.) by extension 'python_setup_py'
[1.550s] Level 1:colcon.colcon_core.package_identification:_identify(build) by extensions ['ignore', 'ignore_ament_install']
[1.552s] Level 1:colcon.colcon_core.package_identification:_identify(build) by extension 'ignore'
[1.552s] Level 1:colcon.colcon_core.package_identification:_identify(build) ignored
[1.553s] Level 1:colcon.colcon_core.package_identification:_identify(install) by extensions ['ignore', 'ignore_ament_install']
[1.555s] Level 1:colcon.colcon_core.package_identification:_identify(install) by extension 'ignore'
[1.555s] Level 1:colcon.colcon_core.package_identification:_identify(install) ignored
[1.556s] Level 1:colcon.colcon_core.package_identification:_identify(log) by extensions ['ignore', 'ignore_ament_install']
[1.558s] Level 1:colcon.colcon_core.package_identification:_identify(log) by extension 'ignore'
[1.558s] Level 1:colcon.colcon_core.package_identification:_identify(log) ignored
[1.559s] Level 1:colcon.colcon_core.package_identification:_identify(src) by extensions ['ignore', 'ignore_ament_install']
[1.560s] Level 1:colcon.colcon_core.package_identification:_identify(src) by extension 'ignore'
[1.561s] Level 1:colcon.colcon_core.package_identification:_identify(src) by extension 'ignore_ament_install'
[1.562s] Level 1:colcon.colcon_core.package_identification:_identify(src) by extensions ['colcon_pkg']
[1.563s] Level 1:colcon.colcon_core.package_identification:_identify(src) by extension 'colcon_pkg'
[1.563s] Level 1:colcon.colcon_core.package_identification:_identify(src) by extensions ['colcon_meta']
[1.564s] Level 1:colcon.colcon_core.package_identification:_identify(src) by extension 'colcon_meta'
[1.564s] Level 1:colcon.colcon_core.package_identification:_identify(src) by extensions ['ros']
[1.564s] Level 1:colcon.colcon_core.package_identification:_identify(src) by extension 'ros'
[1.565s] Level 1:colcon.colcon_core.package_identification:_identify(src) by extensions ['cmake', 'python']
[1.565s] Level 1:colcon.colcon_core.package_identification:_identify(src) by extension 'cmake'
[1.566s] Level 1:colcon.colcon_core.package_identification:_identify(src) by extension 'python'
[1.568s] Level 1:colcon.colcon_core.package_identification:_identify(src) by extensions ['python_setup_py']
[1.570s] Level 1:colcon.colcon_core.package_identification:_identify(src) by extension 'python_setup_py'
[1.571s] Level 1:colcon.colcon_core.package_identification:_identify(src/omnirobot_control) by extensions ['ignore', 'ignore_ament_install']
[1.572s] Level 1:colcon.colcon_core.package_identification:_identify(src/omnirobot_control) by extension 'ignore'
[1.574s] Level 1:colcon.colcon_core.package_identification:_identify(src/omnirobot_control) by extension 'ignore_ament_install'
[1.575s] Level 1:colcon.colcon_core.package_identification:_identify(src/omnirobot_control) by extensions ['colcon_pkg']
[1.576s] Level 1:colcon.colcon_core.package_identification:_identify(src/omnirobot_control) by extension 'colcon_pkg'
[1.577s] Level 1:colcon.colcon_core.package_identification:_identify(src/omnirobot_control) by extensions ['colcon_meta']
[1.577s] Level 1:colcon.colcon_core.package_identification:_identify(src/omnirobot_control) by extension 'colcon_meta'
[1.578s] Level 1:colcon.colcon_core.package_identification:_identify(src/omnirobot_control) by extensions ['ros']
[1.578s] Level 1:colcon.colcon_core.package_identification:_identify(src/omnirobot_control) by extension 'ros'
[1.592s] DEBUG:colcon.colcon_core.package_identification:Package 'src/omnirobot_control' with type 'ros.ament_python' and name 'omnirobot_control'
[1.593s] Level 1:colcon.colcon_core.package_discovery:discover_packages(recursive) using defaults
[1.593s] Level 1:colcon.colcon_core.package_discovery:discover_packages(ignore) discover
[1.594s] Level 1:colcon.colcon_core.package_discovery:discover_packages(ignore) using defaults
[1.594s] Level 1:colcon.colcon_core.package_discovery:discover_packages(path) discover
[1.594s] Level 1:colcon.colcon_core.package_discovery:discover_packages(path) using defaults
[1.711s] Level 1:colcon.colcon_core.package_discovery:discover_packages(prefix_path) check parameters
[1.712s] Level 1:colcon.colcon_core.package_discovery:discover_packages(prefix_path) discover
[1.726s] DEBUG:colcon.colcon_installed_package_information.package_discovery:Found 1 installed packages in /home/robocupmsl/omni3_ws/install
[1.730s] DEBUG:colcon.colcon_installed_package_information.package_discovery:Found 1 installed packages in /home/robocupmsl/ros2_ws/install
[1.735s] DEBUG:colcon.colcon_installed_package_information.package_discovery:Found 1 installed packages in /home/robocupmsl/omni3_erden/install
[1.748s] DEBUG:colcon.colcon_installed_package_information.package_discovery:Found 259 installed packages in /opt/ros/jazzy
[1.759s] Level 1:colcon.colcon_core.package_discovery:discover_packages(prefix_path) using defaults
[2.104s] Level 5:colcon.colcon_core.verb:set package 'omnirobot_control' build argument 'cmake_args' from command line to 'None'
[2.105s] Level 5:colcon.colcon_core.verb:set package 'omnirobot_control' build argument 'cmake_target' from command line to 'None'
[2.105s] Level 5:colcon.colcon_core.verb:set package 'omnirobot_control' build argument 'cmake_target_skip_unavailable' from command line to 'False'
[2.105s] Level 5:colcon.colcon_core.verb:set package 'omnirobot_control' build argument 'cmake_clean_cache' from command line to 'False'
[2.106s] Level 5:colcon.colcon_core.verb:set package 'omnirobot_control' build argument 'cmake_clean_first' from command line to 'False'
[2.106s] Level 5:colcon.colcon_core.verb:set package 'omnirobot_control' build argument 'cmake_force_configure' from command line to 'False'
[2.106s] Level 5:colcon.colcon_core.verb:set package 'omnirobot_control' build argument 'ament_cmake_args' from command line to 'None'
[2.106s] Level 5:colcon.colcon_core.verb:set package 'omnirobot_control' build argument 'catkin_cmake_args' from command line to 'None'
[2.106s] Level 5:colcon.colcon_core.verb:set package 'omnirobot_control' build argument 'catkin_skip_building_tests' from command line to 'False'
[2.106s] DEBUG:colcon.colcon_core.verb:Building package 'omnirobot_control' with the following arguments: {'ament_cmake_args': None, 'build_base': '/home/robocupmsl/omni3_ws/build/omnirobot_control', 'catkin_cmake_args': None, 'catkin_skip_building_tests': False, 'cmake_args': None, 'cmake_clean_cache': False, 'cmake_clean_first': False, 'cmake_force_configure': False, 'cmake_target': None, 'cmake_target_skip_unavailable': False, 'install_base': '/home/robocupmsl/omni3_ws/install/omnirobot_control', 'merge_install': False, 'path': '/home/robocupmsl/omni3_ws/src/omnirobot_control', 'symlink_install': True, 'test_result_base': None}
[2.107s] INFO:colcon.colcon_core.executor:Executing jobs using 'parallel' executor
[2.112s] DEBUG:colcon.colcon_parallel_executor.executor.parallel:run_until_complete
[2.113s] INFO:colcon.colcon_ros.task.ament_python.build:Building ROS package in '/home/robocupmsl/omni3_ws/src/omnirobot_control' with build type 'ament_python'
[2.117s] Level 1:colcon.colcon_core.shell:create_environment_hook('omnirobot_control', 'ament_prefix_path')
[2.134s] INFO:colcon.colcon_core.plugin_system:Skipping extension 'colcon_core.shell.bat': Not used on non-Windows systems
[2.135s] INFO:colcon.colcon_core.shell:Creating environment hook '/home/robocupmsl/omni3_ws/install/omnirobot_control/share/omnirobot_control/hook/ament_prefix_path.ps1'
[2.142s] INFO:colcon.colcon_core.shell:Creating environment descriptor '/home/robocupmsl/omni3_ws/install/omnirobot_control/share/omnirobot_control/hook/ament_prefix_path.dsv'
[2.147s] INFO:colcon.colcon_core.shell:Creating environment hook '/home/robocupmsl/omni3_ws/install/omnirobot_control/share/omnirobot_control/hook/ament_prefix_path.sh'
[2.150s] INFO:colcon.colcon_core.shell:Skip shell extension 'powershell' for command environment: Not usable outside of PowerShell
[2.151s] DEBUG:colcon.colcon_core.shell:Skip shell extension 'dsv' for command environment
[4.253s] INFO:colcon.colcon_core.task.python.build:Building Python package in '/home/robocupmsl/omni3_ws/src/omnirobot_control'
[4.254s] INFO:colcon.colcon_core.shell:Skip shell extension 'powershell' for command environment: Not usable outside of PowerShell
[4.254s] DEBUG:colcon.colcon_core.shell:Skip shell extension 'dsv' for command environment
[11.340s] DEBUG:colcon.colcon_core.event_handler.log_command:Invoking command in '/home/robocupmsl/omni3_ws/build/omnirobot_control': DEBUGINFOD_URLS=https://debuginfod.ubuntu.com PYTHONPATH=/home/robocupmsl/omni3_ws/build/omnirobot_control/prefix_override:/usr/lib/python3/dist-packages/colcon_core/task/python/colcon_distutils_commands:/home/robocupmsl/omni3_ws/install/omnirobot_control/lib/python3.12/site-packages:${PYTHONPATH} /usr/bin/python3 -W ignore:setup.py install is deprecated -W ignore:easy_install command is deprecated setup.py develop --editable --build-directory /home/robocupmsl/omni3_ws/build/omnirobot_control/build --no-deps symlink_data
[19.489s] Level 1:colcon.colcon_core.shell:create_environment_hook('omnirobot_control', 'pythonpath_develop')
[19.492s] INFO:colcon.colcon_core.shell:Creating environment hook '/home/robocupmsl/omni3_ws/build/omnirobot_control/share/omnirobot_control/hook/pythonpath_develop.ps1'
[19.497s] DEBUG:colcon.colcon_core.event_handler.log_command:Invoked command in '/home/robocupmsl/omni3_ws/build/omnirobot_control' returned '0': DEBUGINFOD_URLS=https://debuginfod.ubuntu.com PYTHONPATH=/home/robocupmsl/omni3_ws/build/omnirobot_control/prefix_override:/usr/lib/python3/dist-packages/colcon_core/task/python/colcon_distutils_commands:/home/robocupmsl/omni3_ws/install/omnirobot_control/lib/python3.12/site-packages:${PYTHONPATH} /usr/bin/python3 -W ignore:setup.py install is deprecated -W ignore:easy_install command is deprecated setup.py develop --editable --build-directory /home/robocupmsl/omni3_ws/build/omnirobot_control/build --no-deps symlink_data
[19.502s] INFO:colcon.colcon_core.shell:Creating environment descriptor '/home/robocupmsl/omni3_ws/build/omnirobot_control/share/omnirobot_control/hook/pythonpath_develop.dsv'
[19.505s] INFO:colcon.colcon_core.shell:Creating environment hook '/home/robocupmsl/omni3_ws/build/omnirobot_control/share/omnirobot_control/hook/pythonpath_develop.sh'
[19.537s] Level 1:colcon.colcon_core.environment:checking '/home/robocupmsl/omni3_ws/install/omnirobot_control' for CMake module files
[19.547s] Level 1:colcon.colcon_core.environment:checking '/home/robocupmsl/omni3_ws/install/omnirobot_control' for CMake config files
[19.554s] Level 1:colcon.colcon_core.environment:checking '/home/robocupmsl/omni3_ws/install/omnirobot_control/lib'
[19.556s] Level 1:colcon.colcon_core.environment:checking '/home/robocupmsl/omni3_ws/install/omnirobot_control/bin'
[19.557s] Level 1:colcon.colcon_core.environment:checking '/home/robocupmsl/omni3_ws/install/omnirobot_control/lib/pkgconfig/omnirobot_control.pc'
[19.559s] Level 1:colcon.colcon_core.environment:checking '/home/robocupmsl/omni3_ws/install/omnirobot_control/lib/python3.12/site-packages'
[19.560s] Level 1:colcon.colcon_core.shell:create_environment_hook('omnirobot_control', 'pythonpath')
[19.561s] INFO:colcon.colcon_core.shell:Creating environment hook '/home/robocupmsl/omni3_ws/install/omnirobot_control/share/omnirobot_control/hook/pythonpath.ps1'
[19.565s] INFO:colcon.colcon_core.shell:Creating environment descriptor '/home/robocupmsl/omni3_ws/install/omnirobot_control/share/omnirobot_control/hook/pythonpath.dsv'
[19.569s] INFO:colcon.colcon_core.shell:Creating environment hook '/home/robocupmsl/omni3_ws/install/omnirobot_control/share/omnirobot_control/hook/pythonpath.sh'
[19.580s] Level 1:colcon.colcon_core.environment:checking '/home/robocupmsl/omni3_ws/install/omnirobot_control/bin'
[19.581s] Level 1:colcon.colcon_core.environment:create_environment_scripts_only(omnirobot_control)
[19.585s] INFO:colcon.colcon_core.shell:Creating package script '/home/robocupmsl/omni3_ws/install/omnirobot_control/share/omnirobot_control/package.ps1'
[19.594s] INFO:colcon.colcon_core.shell:Creating package descriptor '/home/robocupmsl/omni3_ws/install/omnirobot_control/share/omnirobot_control/package.dsv'
[19.601s] INFO:colcon.colcon_core.shell:Creating package script '/home/robocupmsl/omni3_ws/install/omnirobot_control/share/omnirobot_control/package.sh'
[19.606s] INFO:colcon.colcon_core.shell:Creating package script '/home/robocupmsl/omni3_ws/install/omnirobot_control/share/omnirobot_control/package.bash'
[19.611s] INFO:colcon.colcon_core.shell:Creating package script '/home/robocupmsl/omni3_ws/install/omnirobot_control/share/omnirobot_control/package.zsh'
[19.614s] Level 1:colcon.colcon_core.environment:create_file_with_runtime_dependencies(/home/robocupmsl/omni3_ws/install/omnirobot_control/share/colcon-core/packages/omnirobot_control)
[19.616s] DEBUG:colcon.colcon_parallel_executor.executor.parallel:closing loop
[19.621s] DEBUG:colcon.colcon_parallel_executor.executor.parallel:loop closed
[19.621s] DEBUG:colcon.colcon_parallel_executor.executor.parallel:run_until_complete finished with '0'
[19.624s] DEBUG:colcon.colcon_core.event_reactor:joining thread
[19.689s] INFO:colcon.colcon_core.plugin_system:Skipping extension 'colcon_notification.desktop_notification.terminal_notifier': Not used on non-Darwin systems
[19.690s] INFO:colcon.colcon_core.plugin_system:Skipping extension 'colcon_notification.desktop_notification.win32': Not used on non-Windows systems
[19.691s] INFO:colcon.colcon_notification.desktop_notification:Sending desktop notification using 'notify2'
[19.839s] DEBUG:colcon.colcon_core.event_reactor:joined thread
[19.841s] INFO:colcon.colcon_core.shell:Creating prefix script '/home/robocupmsl/omni3_ws/install/local_setup.ps1'
[19.847s] INFO:colcon.colcon_core.shell:Creating prefix util module '/home/robocupmsl/omni3_ws/install/_local_setup_util_ps1.py'
[19.856s] INFO:colcon.colcon_core.shell:Creating prefix chain script '/home/robocupmsl/omni3_ws/install/setup.ps1'
[19.870s] INFO:colcon.colcon_core.shell:Creating prefix script '/home/robocupmsl/omni3_ws/install/local_setup.sh'
[19.875s] INFO:colcon.colcon_core.shell:Creating prefix util module '/home/robocupmsl/omni3_ws/install/_local_setup_util_sh.py'
[19.883s] INFO:colcon.colcon_core.shell:Creating prefix chain script '/home/robocupmsl/omni3_ws/install/setup.sh'
[19.892s] INFO:colcon.colcon_core.shell:Creating prefix script '/home/robocupmsl/omni3_ws/install/local_setup.bash'
[19.895s] INFO:colcon.colcon_core.shell:Creating prefix chain script '/home/robocupmsl/omni3_ws/install/setup.bash'
[19.903s] INFO:colcon.colcon_core.shell:Creating prefix script '/home/robocupmsl/omni3_ws/install/local_setup.zsh'
[19.908s] INFO:colcon.colcon_core.shell:Creating prefix chain script '/home/robocupmsl/omni3_ws/install/setup.zsh'
