[1.117s] DEBUG:colcon:Command line arguments: ['/usr/bin/colcon', 'build', '--symlink-install', '--packages-select', 'omnirobot_control']
[1.118s] DEBUG:colcon:Parsed command line arguments: Namespace(log_base=None, log_level=None, verb_name='build', build_base='build', install_base='install', merge_install=False, symlink_install=True, test_result_base=None, continue_on_error=False, executor='parallel', parallel_workers=4, event_handlers=None, ignore_user_meta=False, metas=['./colcon.meta'], base_paths=['.'], packages_ignore=None, packages_ignore_regex=None, paths=None, packages_up_to=None, packages_up_to_regex=None, packages_above=None, packages_above_and_dependencies=None, packages_above_depth=None, packages_select_by_dep=None, packages_skip_by_dep=None, packages_skip_up_to=None, packages_select_build_failed=False, packages_skip_build_finished=False, packages_select_test_failures=False, packages_skip_test_passed=False, packages_select=['omnirobot_control'], packages_skip=None, packages_select_regex=None, packages_skip_regex=None, packages_start=None, packages_end=None, allow_overriding=[], cmake_args=None, cmake_target=None, cmake_target_skip_unavailable=False, cmake_clean_cache=False, cmake_clean_first=False, cmake_force_configure=False, ament_cmake_args=None, catkin_cmake_args=None, catkin_skip_building_tests=False, mixin_files=None, mixin=None, verb_parser=<colcon_mixin.mixin.mixin_argument.MixinArgumentDecorator object at 0xffff99ec50a0>, verb_extension=<colcon_core.verb.build.BuildVerb object at 0xffff9a0ad7f0>, main=<bound method BuildVerb.main of <colcon_core.verb.build.BuildVerb object at 0xffff9a0ad7f0>>, mixin_verb=('build',))
[1.427s] Level 1:colcon.colcon_core.package_discovery:discover_packages(colcon_meta) check parameters
[1.429s] Level 1:colcon.colcon_core.package_discovery:discover_packages(recursive) check parameters
[1.429s] Level 1:colcon.colcon_core.package_discovery:discover_packages(ignore) check parameters
[1.429s] Level 1:colcon.colcon_core.package_discovery:discover_packages(path) check parameters
[1.430s] Level 1:colcon.colcon_core.package_discovery:discover_packages(colcon_meta) discover
[1.430s] Level 1:colcon.colcon_core.package_discovery:discover_packages(recursive) discover
[1.431s] INFO:colcon.colcon_core.package_discovery:Crawling recursively for packages in '/home/robocupmsl/omni3_ws'
[1.432s] Level 1:colcon.colcon_core.package_identification:_identify(.) by extensions ['ignore', 'ignore_ament_install']
[1.433s] Level 1:colcon.colcon_core.package_identification:_identify(.) by extension 'ignore'
[1.436s] Level 1:colcon.colcon_core.package_identification:_identify(.) by extension 'ignore_ament_install'
[1.438s] Level 1:colcon.colcon_core.package_identification:_identify(.) by extensions ['colcon_pkg']
[1.439s] Level 1:colcon.colcon_core.package_identification:_identify(.) by extension 'colcon_pkg'
[1.439s] Level 1:colcon.colcon_core.package_identification:_identify(.) by extensions ['colcon_meta']
[1.440s] Level 1:colcon.colcon_core.package_identification:_identify(.) by extension 'colcon_meta'
[1.441s] Level 1:colcon.colcon_core.package_identification:_identify(.) by extensions ['ros']
[1.443s] Level 1:colcon.colcon_core.package_identification:_identify(.) by extension 'ros'
[1.666s] Level 1:colcon.colcon_core.package_identification:_identify(.) by extensions ['cmake', 'python']
[1.666s] Level 1:colcon.colcon_core.package_identification:_identify(.) by extension 'cmake'
[1.667s] Level 1:colcon.colcon_core.package_identification:_identify(.) by extension 'python'
[1.669s] Level 1:colcon.colcon_core.package_identification:_identify(.) by extensions ['python_setup_py']
[1.669s] Level 1:colcon.colcon_core.package_identification:_identify(.) by extension 'python_setup_py'
[1.670s] Level 1:colcon.colcon_core.package_identification:_identify(build) by extensions ['ignore', 'ignore_ament_install']
[1.672s] Level 1:colcon.colcon_core.package_identification:_identify(build) by extension 'ignore'
[1.673s] Level 1:colcon.colcon_core.package_identification:_identify(build) ignored
[1.674s] Level 1:colcon.colcon_core.package_identification:_identify(install) by extensions ['ignore', 'ignore_ament_install']
[1.676s] Level 1:colcon.colcon_core.package_identification:_identify(install) by extension 'ignore'
[1.677s] Level 1:colcon.colcon_core.package_identification:_identify(install) ignored
[1.679s] Level 1:colcon.colcon_core.package_identification:_identify(log) by extensions ['ignore', 'ignore_ament_install']
[1.681s] Level 1:colcon.colcon_core.package_identification:_identify(log) by extension 'ignore'
[1.681s] Level 1:colcon.colcon_core.package_identification:_identify(log) ignored
[1.683s] Level 1:colcon.colcon_core.package_identification:_identify(src) by extensions ['ignore', 'ignore_ament_install']
[1.684s] Level 1:colcon.colcon_core.package_identification:_identify(src) by extension 'ignore'
[1.685s] Level 1:colcon.colcon_core.package_identification:_identify(src) by extension 'ignore_ament_install'
[1.686s] Level 1:colcon.colcon_core.package_identification:_identify(src) by extensions ['colcon_pkg']
[1.687s] Level 1:colcon.colcon_core.package_identification:_identify(src) by extension 'colcon_pkg'
[1.688s] Level 1:colcon.colcon_core.package_identification:_identify(src) by extensions ['colcon_meta']
[1.689s] Level 1:colcon.colcon_core.package_identification:_identify(src) by extension 'colcon_meta'
[1.690s] Level 1:colcon.colcon_core.package_identification:_identify(src) by extensions ['ros']
[1.691s] Level 1:colcon.colcon_core.package_identification:_identify(src) by extension 'ros'
[1.691s] Level 1:colcon.colcon_core.package_identification:_identify(src) by extensions ['cmake', 'python']
[1.692s] Level 1:colcon.colcon_core.package_identification:_identify(src) by extension 'cmake'
[1.692s] Level 1:colcon.colcon_core.package_identification:_identify(src) by extension 'python'
[1.693s] Level 1:colcon.colcon_core.package_identification:_identify(src) by extensions ['python_setup_py']
[1.694s] Level 1:colcon.colcon_core.package_identification:_identify(src) by extension 'python_setup_py'
[1.695s] Level 1:colcon.colcon_core.package_identification:_identify(src/omnirobot_control) by extensions ['ignore', 'ignore_ament_install']
[1.696s] Level 1:colcon.colcon_core.package_identification:_identify(src/omnirobot_control) by extension 'ignore'
[1.696s] Level 1:colcon.colcon_core.package_identification:_identify(src/omnirobot_control) by extension 'ignore_ament_install'
[1.698s] Level 1:colcon.colcon_core.package_identification:_identify(src/omnirobot_control) by extensions ['colcon_pkg']
[1.700s] Level 1:colcon.colcon_core.package_identification:_identify(src/omnirobot_control) by extension 'colcon_pkg'
[1.703s] Level 1:colcon.colcon_core.package_identification:_identify(src/omnirobot_control) by extensions ['colcon_meta']
[1.703s] Level 1:colcon.colcon_core.package_identification:_identify(src/omnirobot_control) by extension 'colcon_meta'
[1.704s] Level 1:colcon.colcon_core.package_identification:_identify(src/omnirobot_control) by extensions ['ros']
[1.705s] Level 1:colcon.colcon_core.package_identification:_identify(src/omnirobot_control) by extension 'ros'
[1.727s] DEBUG:colcon.colcon_core.package_identification:Package 'src/omnirobot_control' with type 'ros.ament_python' and name 'omnirobot_control'
[1.728s] Level 1:colcon.colcon_core.package_discovery:discover_packages(recursive) using defaults
[1.729s] Level 1:colcon.colcon_core.package_discovery:discover_packages(ignore) discover
[1.730s] Level 1:colcon.colcon_core.package_discovery:discover_packages(ignore) using defaults
[1.730s] Level 1:colcon.colcon_core.package_discovery:discover_packages(path) discover
[1.731s] Level 1:colcon.colcon_core.package_discovery:discover_packages(path) using defaults
[1.884s] Level 1:colcon.colcon_core.package_discovery:discover_packages(prefix_path) check parameters
[1.887s] Level 1:colcon.colcon_core.package_discovery:discover_packages(prefix_path) discover
[1.917s] DEBUG:colcon.colcon_installed_package_information.package_discovery:Found 1 installed packages in /home/robocupmsl/omni3_ws/install
[1.920s] DEBUG:colcon.colcon_installed_package_information.package_discovery:Found 1 installed packages in /home/robocupmsl/ros2_ws/install
[1.923s] DEBUG:colcon.colcon_installed_package_information.package_discovery:Found 1 installed packages in /home/robocupmsl/omni3_erden/install
[1.934s] DEBUG:colcon.colcon_installed_package_information.package_discovery:Found 259 installed packages in /opt/ros/jazzy
[1.944s] Level 1:colcon.colcon_core.package_discovery:discover_packages(prefix_path) using defaults
[2.305s] Level 5:colcon.colcon_core.verb:set package 'omnirobot_control' build argument 'cmake_args' from command line to 'None'
[2.305s] Level 5:colcon.colcon_core.verb:set package 'omnirobot_control' build argument 'cmake_target' from command line to 'None'
[2.306s] Level 5:colcon.colcon_core.verb:set package 'omnirobot_control' build argument 'cmake_target_skip_unavailable' from command line to 'False'
[2.306s] Level 5:colcon.colcon_core.verb:set package 'omnirobot_control' build argument 'cmake_clean_cache' from command line to 'False'
[2.307s] Level 5:colcon.colcon_core.verb:set package 'omnirobot_control' build argument 'cmake_clean_first' from command line to 'False'
[2.307s] Level 5:colcon.colcon_core.verb:set package 'omnirobot_control' build argument 'cmake_force_configure' from command line to 'False'
[2.308s] Level 5:colcon.colcon_core.verb:set package 'omnirobot_control' build argument 'ament_cmake_args' from command line to 'None'
[2.309s] Level 5:colcon.colcon_core.verb:set package 'omnirobot_control' build argument 'catkin_cmake_args' from command line to 'None'
[2.309s] Level 5:colcon.colcon_core.verb:set package 'omnirobot_control' build argument 'catkin_skip_building_tests' from command line to 'False'
[2.310s] DEBUG:colcon.colcon_core.verb:Building package 'omnirobot_control' with the following arguments: {'ament_cmake_args': None, 'build_base': '/home/robocupmsl/omni3_ws/build/omnirobot_control', 'catkin_cmake_args': None, 'catkin_skip_building_tests': False, 'cmake_args': None, 'cmake_clean_cache': False, 'cmake_clean_first': False, 'cmake_force_configure': False, 'cmake_target': None, 'cmake_target_skip_unavailable': False, 'install_base': '/home/robocupmsl/omni3_ws/install/omnirobot_control', 'merge_install': False, 'path': '/home/robocupmsl/omni3_ws/src/omnirobot_control', 'symlink_install': True, 'test_result_base': None}
[2.311s] INFO:colcon.colcon_core.executor:Executing jobs using 'parallel' executor
[2.317s] DEBUG:colcon.colcon_parallel_executor.executor.parallel:run_until_complete
[2.318s] INFO:colcon.colcon_ros.task.ament_python.build:Building ROS package in '/home/robocupmsl/omni3_ws/src/omnirobot_control' with build type 'ament_python'
[2.319s] Level 1:colcon.colcon_core.shell:create_environment_hook('omnirobot_control', 'ament_prefix_path')
[2.336s] INFO:colcon.colcon_core.plugin_system:Skipping extension 'colcon_core.shell.bat': Not used on non-Windows systems
[2.338s] INFO:colcon.colcon_core.shell:Creating environment hook '/home/robocupmsl/omni3_ws/install/omnirobot_control/share/omnirobot_control/hook/ament_prefix_path.ps1'
[2.345s] INFO:colcon.colcon_core.shell:Creating environment descriptor '/home/robocupmsl/omni3_ws/install/omnirobot_control/share/omnirobot_control/hook/ament_prefix_path.dsv'
[2.354s] INFO:colcon.colcon_core.shell:Creating environment hook '/home/robocupmsl/omni3_ws/install/omnirobot_control/share/omnirobot_control/hook/ament_prefix_path.sh'
[2.359s] INFO:colcon.colcon_core.shell:Skip shell extension 'powershell' for command environment: Not usable outside of PowerShell
[2.359s] DEBUG:colcon.colcon_core.shell:Skip shell extension 'dsv' for command environment
[4.629s] INFO:colcon.colcon_core.task.python.build:Building Python package in '/home/robocupmsl/omni3_ws/src/omnirobot_control'
[4.631s] INFO:colcon.colcon_core.shell:Skip shell extension 'powershell' for command environment: Not usable outside of PowerShell
[4.632s] DEBUG:colcon.colcon_core.shell:Skip shell extension 'dsv' for command environment
[10.290s] DEBUG:colcon.colcon_core.event_handler.log_command:Invoking command in '/home/robocupmsl/omni3_ws/build/omnirobot_control': DEBUGINFOD_URLS=https://debuginfod.ubuntu.com PYTHONPATH=/home/robocupmsl/omni3_ws/build/omnirobot_control/prefix_override:/usr/lib/python3/dist-packages/colcon_core/task/python/colcon_distutils_commands:/home/robocupmsl/omni3_ws/install/omnirobot_control/lib/python3.12/site-packages:${PYTHONPATH} /usr/bin/python3 -W ignore:setup.py install is deprecated -W ignore:easy_install command is deprecated setup.py develop --editable --build-directory /home/robocupmsl/omni3_ws/build/omnirobot_control/build --no-deps symlink_data
[17.445s] Level 1:colcon.colcon_core.shell:create_environment_hook('omnirobot_control', 'pythonpath_develop')
[17.448s] INFO:colcon.colcon_core.shell:Creating environment hook '/home/robocupmsl/omni3_ws/build/omnirobot_control/share/omnirobot_control/hook/pythonpath_develop.ps1'
[17.447s] DEBUG:colcon.colcon_core.event_handler.log_command:Invoked command in '/home/robocupmsl/omni3_ws/build/omnirobot_control' returned '0': DEBUGINFOD_URLS=https://debuginfod.ubuntu.com PYTHONPATH=/home/robocupmsl/omni3_ws/build/omnirobot_control/prefix_override:/usr/lib/python3/dist-packages/colcon_core/task/python/colcon_distutils_commands:/home/robocupmsl/omni3_ws/install/omnirobot_control/lib/python3.12/site-packages:${PYTHONPATH} /usr/bin/python3 -W ignore:setup.py install is deprecated -W ignore:easy_install command is deprecated setup.py develop --editable --build-directory /home/robocupmsl/omni3_ws/build/omnirobot_control/build --no-deps symlink_data
[17.452s] INFO:colcon.colcon_core.shell:Creating environment descriptor '/home/robocupmsl/omni3_ws/build/omnirobot_control/share/omnirobot_control/hook/pythonpath_develop.dsv'
[17.455s] INFO:colcon.colcon_core.shell:Creating environment hook '/home/robocupmsl/omni3_ws/build/omnirobot_control/share/omnirobot_control/hook/pythonpath_develop.sh'
[17.476s] Level 1:colcon.colcon_core.environment:checking '/home/robocupmsl/omni3_ws/install/omnirobot_control' for CMake module files
[17.482s] Level 1:colcon.colcon_core.environment:checking '/home/robocupmsl/omni3_ws/install/omnirobot_control' for CMake config files
[17.489s] Level 1:colcon.colcon_core.environment:checking '/home/robocupmsl/omni3_ws/install/omnirobot_control/lib'
[17.490s] Level 1:colcon.colcon_core.environment:checking '/home/robocupmsl/omni3_ws/install/omnirobot_control/bin'
[17.491s] Level 1:colcon.colcon_core.environment:checking '/home/robocupmsl/omni3_ws/install/omnirobot_control/lib/pkgconfig/omnirobot_control.pc'
[17.492s] Level 1:colcon.colcon_core.environment:checking '/home/robocupmsl/omni3_ws/install/omnirobot_control/lib/python3.12/site-packages'
[17.493s] Level 1:colcon.colcon_core.shell:create_environment_hook('omnirobot_control', 'pythonpath')
[17.495s] INFO:colcon.colcon_core.shell:Creating environment hook '/home/robocupmsl/omni3_ws/install/omnirobot_control/share/omnirobot_control/hook/pythonpath.ps1'
[17.499s] INFO:colcon.colcon_core.shell:Creating environment descriptor '/home/robocupmsl/omni3_ws/install/omnirobot_control/share/omnirobot_control/hook/pythonpath.dsv'
[17.504s] INFO:colcon.colcon_core.shell:Creating environment hook '/home/robocupmsl/omni3_ws/install/omnirobot_control/share/omnirobot_control/hook/pythonpath.sh'
[17.511s] Level 1:colcon.colcon_core.environment:checking '/home/robocupmsl/omni3_ws/install/omnirobot_control/bin'
[17.511s] Level 1:colcon.colcon_core.environment:create_environment_scripts_only(omnirobot_control)
[17.513s] INFO:colcon.colcon_core.shell:Creating package script '/home/robocupmsl/omni3_ws/install/omnirobot_control/share/omnirobot_control/package.ps1'
[17.518s] INFO:colcon.colcon_core.shell:Creating package descriptor '/home/robocupmsl/omni3_ws/install/omnirobot_control/share/omnirobot_control/package.dsv'
[17.522s] INFO:colcon.colcon_core.shell:Creating package script '/home/robocupmsl/omni3_ws/install/omnirobot_control/share/omnirobot_control/package.sh'
[17.532s] INFO:colcon.colcon_core.shell:Creating package script '/home/robocupmsl/omni3_ws/install/omnirobot_control/share/omnirobot_control/package.bash'
[17.538s] INFO:colcon.colcon_core.shell:Creating package script '/home/robocupmsl/omni3_ws/install/omnirobot_control/share/omnirobot_control/package.zsh'
[17.542s] Level 1:colcon.colcon_core.environment:create_file_with_runtime_dependencies(/home/robocupmsl/omni3_ws/install/omnirobot_control/share/colcon-core/packages/omnirobot_control)
[17.545s] DEBUG:colcon.colcon_parallel_executor.executor.parallel:closing loop
[17.546s] DEBUG:colcon.colcon_parallel_executor.executor.parallel:loop closed
[17.549s] DEBUG:colcon.colcon_parallel_executor.executor.parallel:run_until_complete finished with '0'
[17.549s] DEBUG:colcon.colcon_core.event_reactor:joining thread
[17.604s] INFO:colcon.colcon_core.plugin_system:Skipping extension 'colcon_notification.desktop_notification.terminal_notifier': Not used on non-Darwin systems
[17.606s] INFO:colcon.colcon_core.plugin_system:Skipping extension 'colcon_notification.desktop_notification.win32': Not used on non-Windows systems
[17.607s] INFO:colcon.colcon_notification.desktop_notification:Sending desktop notification using 'notify2'
[17.767s] DEBUG:colcon.colcon_core.event_reactor:joined thread
[17.769s] INFO:colcon.colcon_core.shell:Creating prefix script '/home/robocupmsl/omni3_ws/install/local_setup.ps1'
[17.774s] INFO:colcon.colcon_core.shell:Creating prefix util module '/home/robocupmsl/omni3_ws/install/_local_setup_util_ps1.py'
[17.786s] INFO:colcon.colcon_core.shell:Creating prefix chain script '/home/robocupmsl/omni3_ws/install/setup.ps1'
[17.843s] INFO:colcon.colcon_core.shell:Creating prefix script '/home/robocupmsl/omni3_ws/install/local_setup.sh'
[17.848s] INFO:colcon.colcon_core.shell:Creating prefix util module '/home/robocupmsl/omni3_ws/install/_local_setup_util_sh.py'
[17.856s] INFO:colcon.colcon_core.shell:Creating prefix chain script '/home/robocupmsl/omni3_ws/install/setup.sh'
[17.864s] INFO:colcon.colcon_core.shell:Creating prefix script '/home/robocupmsl/omni3_ws/install/local_setup.bash'
[17.870s] INFO:colcon.colcon_core.shell:Creating prefix chain script '/home/robocupmsl/omni3_ws/install/setup.bash'
[17.883s] INFO:colcon.colcon_core.shell:Creating prefix script '/home/robocupmsl/omni3_ws/install/local_setup.zsh'
[17.886s] INFO:colcon.colcon_core.shell:Creating prefix chain script '/home/robocupmsl/omni3_ws/install/setup.zsh'
