[9.456s] Invoking command in '/home/robocupmsl/omni3_ws/build/omnirobot_control': DEBUGINFOD_URLS=https://debuginfod.ubuntu.com PYTHONPATH=/home/robocupmsl/omni3_ws/build/omnirobot_control/prefix_override:/usr/lib/python3/dist-packages/colcon_core/task/python/colcon_distutils_commands:/home/robocupmsl/omni3_ws/install/omnirobot_control/lib/python3.12/site-packages:${PYTHONPATH} /usr/bin/python3 -W ignore:setup.py install is deprecated -W ignore:easy_install command is deprecated setup.py develop --editable --build-directory /home/robocupmsl/omni3_ws/build/omnirobot_control/build --no-deps symlink_data
[13.962s] running develop
[16.236s] /usr/lib/python3/dist-packages/setuptools/command/easy_install.py:363: UserWarning: Unbuilt egg for pytest-repeat [unknown version] (/usr/lib/python3/dist-packages)
[16.237s]   self.local_index = Environment(self.shadow_path + sys.path)
[16.860s] running egg_info
[17.230s] writing omnirobot_control.egg-info/PKG-INFO
[17.259s] writing dependency_links to omnirobot_control.egg-info/dependency_links.txt
[17.275s] writing entry points to omnirobot_control.egg-info/entry_points.txt
[17.279s] writing requirements to omnirobot_control.egg-info/requires.txt
[17.284s] writing top-level names to omnirobot_control.egg-info/top_level.txt
[17.843s] reading manifest file 'omnirobot_control.egg-info/SOURCES.txt'
[17.844s] writing manifest file 'omnirobot_control.egg-info/SOURCES.txt'
[18.087s] running build_ext
[18.089s] Creating /home/robocupmsl/omni3_ws/install/omnirobot_control/lib/python3.12/site-packages/omnirobot-control.egg-link (link to .)
[18.097s] Installing global_planner_node script to /home/robocupmsl/omni3_ws/install/omnirobot_control/lib/omnirobot_control
[18.109s] Installing goal_node script to /home/robocupmsl/omni3_ws/install/omnirobot_control/lib/omnirobot_control
[18.118s] Installing kinematics_node script to /home/robocupmsl/omni3_ws/install/omnirobot_control/lib/omnirobot_control
[18.119s] Installing lidar_node script to /home/robocupmsl/omni3_ws/install/omnirobot_control/lib/omnirobot_control
[18.134s] Installing navigator_node script to /home/robocupmsl/omni3_ws/install/omnirobot_control/lib/omnirobot_control
[18.162s] Installing perception_node script to /home/robocupmsl/omni3_ws/install/omnirobot_control/lib/omnirobot_control
[18.163s] Installing trajectory_smoother_node script to /home/robocupmsl/omni3_ws/install/omnirobot_control/lib/omnirobot_control
[18.195s] 
[18.197s] Installed /home/robocupmsl/omni3_ws/build/omnirobot_control
[18.216s] running symlink_data
[18.392s] Invoked command in '/home/robocupmsl/omni3_ws/build/omnirobot_control' returned '0': DEBUGINFOD_URLS=https://debuginfod.ubuntu.com PYTHONPATH=/home/robocupmsl/omni3_ws/build/omnirobot_control/prefix_override:/usr/lib/python3/dist-packages/colcon_core/task/python/colcon_distutils_commands:/home/robocupmsl/omni3_ws/install/omnirobot_control/lib/python3.12/site-packages:${PYTHONPATH} /usr/bin/python3 -W ignore:setup.py install is deprecated -W ignore:easy_install command is deprecated setup.py develop --editable --build-directory /home/robocupmsl/omni3_ws/build/omnirobot_control/build --no-deps symlink_data
