[10.252s] Invoking command in '/home/robocupmsl/omni3_ws/build/omnirobot_control': DEBUGINFOD_URLS=https://debuginfod.ubuntu.com PYTHONPATH=/home/robocupmsl/omni3_ws/build/omnirobot_control/prefix_override:/usr/lib/python3/dist-packages/colcon_core/task/python/colcon_distutils_commands:/home/robocupmsl/omni3_ws/install/omnirobot_control/lib/python3.12/site-packages:${PYTHONPATH} /usr/bin/python3 -W ignore:setup.py install is deprecated -W ignore:easy_install command is deprecated setup.py develop --editable --build-directory /home/robocupmsl/omni3_ws/build/omnirobot_control/build --no-deps symlink_data
[13.814s] running develop
[16.003s] /usr/lib/python3/dist-packages/setuptools/command/easy_install.py:363: UserWarning: Unbuilt egg for pytest-repeat [unknown version] (/usr/lib/python3/dist-packages)
[16.013s]   self.local_index = Environment(self.shadow_path + sys.path)
[16.603s] running egg_info
[16.856s] writing omnirobot_control.egg-info/PKG-INFO
[16.865s] writing dependency_links to omnirobot_control.egg-info/dependency_links.txt
[16.870s] writing entry points to omnirobot_control.egg-info/entry_points.txt
[16.870s] writing requirements to omnirobot_control.egg-info/requires.txt
[16.877s] writing top-level names to omnirobot_control.egg-info/top_level.txt
[17.338s] reading manifest file 'omnirobot_control.egg-info/SOURCES.txt'
[17.348s] writing manifest file 'omnirobot_control.egg-info/SOURCES.txt'
[17.604s] running build_ext
[17.605s] Creating /home/robocupmsl/omni3_ws/install/omnirobot_control/lib/python3.12/site-packages/omnirobot-control.egg-link (link to .)
[17.616s] Installing global_planner_node script to /home/robocupmsl/omni3_ws/install/omnirobot_control/lib/omnirobot_control
[17.617s] Installing goal_node script to /home/robocupmsl/omni3_ws/install/omnirobot_control/lib/omnirobot_control
[17.623s] Installing kinematics_node script to /home/robocupmsl/omni3_ws/install/omnirobot_control/lib/omnirobot_control
[17.626s] Installing lidar_node script to /home/robocupmsl/omni3_ws/install/omnirobot_control/lib/omnirobot_control
[17.629s] Installing navigator_node script to /home/robocupmsl/omni3_ws/install/omnirobot_control/lib/omnirobot_control
[17.640s] Installing perception_node script to /home/robocupmsl/omni3_ws/install/omnirobot_control/lib/omnirobot_control
[17.641s] Installing trajectory_smoother_node script to /home/robocupmsl/omni3_ws/install/omnirobot_control/lib/omnirobot_control
[17.647s] 
[17.651s] Installed /home/robocupmsl/omni3_ws/build/omnirobot_control
[17.656s] running symlink_data
[17.917s] Invoked command in '/home/robocupmsl/omni3_ws/build/omnirobot_control' returned '0': DEBUGINFOD_URLS=https://debuginfod.ubuntu.com PYTHONPATH=/home/robocupmsl/omni3_ws/build/omnirobot_control/prefix_override:/usr/lib/python3/dist-packages/colcon_core/task/python/colcon_distutils_commands:/home/robocupmsl/omni3_ws/install/omnirobot_control/lib/python3.12/site-packages:${PYTHONPATH} /usr/bin/python3 -W ignore:setup.py install is deprecated -W ignore:easy_install command is deprecated setup.py develop --editable --build-directory /home/robocupmsl/omni3_ws/build/omnirobot_control/build --no-deps symlink_data
