[6.989s] Invoking command in '/home/robocupmsl/omni3_ws/build/omnirobot_control': DEBUGINFOD_URLS=https://debuginfod.ubuntu.com PYTHONPATH=/home/robocupmsl/omni3_ws/build/omnirobot_control/prefix_override:/usr/lib/python3/dist-packages/colcon_core/task/python/colcon_distutils_commands:/home/robocupmsl/omni3_ws/install/omnirobot_control/lib/python3.12/site-packages:${PYTHONPATH} /usr/bin/python3 -W ignore:setup.py install is deprecated -W ignore:easy_install command is deprecated setup.py develop --editable --build-directory /home/robocupmsl/omni3_ws/build/omnirobot_control/build --no-deps symlink_data
[9.365s] running develop
[10.517s] /usr/lib/python3/dist-packages/setuptools/command/easy_install.py:363: UserWarning: Unbuilt egg for pytest-repeat [unknown version] (/usr/lib/python3/dist-packages)
[10.517s]   self.local_index = Environment(self.shadow_path + sys.path)
[10.805s] running egg_info
[10.805s] creating omnirobot_control.egg-info
[11.016s] writing omnirobot_control.egg-info/PKG-INFO
[11.017s] writing dependency_links to omnirobot_control.egg-info/dependency_links.txt
[11.019s] writing entry points to omnirobot_control.egg-info/entry_points.txt
[11.022s] writing requirements to omnirobot_control.egg-info/requires.txt
[11.026s] writing top-level names to omnirobot_control.egg-info/top_level.txt
[11.028s] writing manifest file 'omnirobot_control.egg-info/SOURCES.txt'
[11.504s] reading manifest file 'omnirobot_control.egg-info/SOURCES.txt'
[11.515s] writing manifest file 'omnirobot_control.egg-info/SOURCES.txt'
[11.748s] running build_ext
[11.748s] Creating /home/robocupmsl/omni3_ws/install/omnirobot_control/lib/python3.12/site-packages/omnirobot-control.egg-link (link to .)
[11.754s] Installing global_planner_node script to /home/robocupmsl/omni3_ws/install/omnirobot_control/lib/omnirobot_control
[11.762s] Installing goto_pose_node script to /home/robocupmsl/omni3_ws/install/omnirobot_control/lib/omnirobot_control
[11.762s] Installing kinematics_node script to /home/robocupmsl/omni3_ws/install/omnirobot_control/lib/omnirobot_control
[11.763s] Installing lidar_perception_node script to /home/robocupmsl/omni3_ws/install/omnirobot_control/lib/omnirobot_control
[11.763s] Installing local_planner_node script to /home/robocupmsl/omni3_ws/install/omnirobot_control/lib/omnirobot_control
[11.767s] Installing move_1m_node script to /home/robocupmsl/omni3_ws/install/omnirobot_control/lib/omnirobot_control
[11.767s] Installing navigator_node script to /home/robocupmsl/omni3_ws/install/omnirobot_control/lib/omnirobot_control
[11.775s] Installing state_machine_node script to /home/robocupmsl/omni3_ws/install/omnirobot_control/lib/omnirobot_control
[11.777s] Installing trajectory_smoother_node script to /home/robocupmsl/omni3_ws/install/omnirobot_control/lib/omnirobot_control
[11.782s] 
[11.785s] Installed /home/robocupmsl/omni3_ws/build/omnirobot_control
[11.788s] running symlink_data
[11.790s] creating /home/robocupmsl/omni3_ws/install/omnirobot_control/share/ament_index
[11.792s] creating /home/robocupmsl/omni3_ws/install/omnirobot_control/share/ament_index/resource_index
[11.793s] creating /home/robocupmsl/omni3_ws/install/omnirobot_control/share/ament_index/resource_index/packages
[11.797s] symbolically linking /home/robocupmsl/omni3_ws/build/omnirobot_control/resource/omnirobot_control -> /home/robocupmsl/omni3_ws/install/omnirobot_control/share/ament_index/resource_index/packages
[11.798s] symbolically linking /home/robocupmsl/omni3_ws/build/omnirobot_control/package.xml -> /home/robocupmsl/omni3_ws/install/omnirobot_control/share/omnirobot_control
[12.014s] Invoked command in '/home/robocupmsl/omni3_ws/build/omnirobot_control' returned '0': DEBUGINFOD_URLS=https://debuginfod.ubuntu.com PYTHONPATH=/home/robocupmsl/omni3_ws/build/omnirobot_control/prefix_override:/usr/lib/python3/dist-packages/colcon_core/task/python/colcon_distutils_commands:/home/robocupmsl/omni3_ws/install/omnirobot_control/lib/python3.12/site-packages:${PYTHONPATH} /usr/bin/python3 -W ignore:setup.py install is deprecated -W ignore:easy_install command is deprecated setup.py develop --editable --build-directory /home/robocupmsl/omni3_ws/build/omnirobot_control/build --no-deps symlink_data
