[8.696s] Invoking command in '/home/robocupmsl/omni3_ws/build/omnirobot_control': DEBUGINFOD_URLS=https://debuginfod.ubuntu.com PYTHONPATH=/home/robocupmsl/omni3_ws/build/omnirobot_control/prefix_override:/usr/lib/python3/dist-packages/colcon_core/task/python/colcon_distutils_commands:/home/robocupmsl/omni3_ws/install/omnirobot_control/lib/python3.12/site-packages:${PYTHONPATH} /usr/bin/python3 -W ignore:setup.py install is deprecated -W ignore:easy_install command is deprecated setup.py develop --editable --build-directory /home/robocupmsl/omni3_ws/build/omnirobot_control/build --no-deps symlink_data
[12.238s] running develop
[14.355s] /usr/lib/python3/dist-packages/setuptools/command/easy_install.py:363: UserWarning: Unbuilt egg for pytest-repeat [unknown version] (/usr/lib/python3/dist-packages)
[14.356s]   self.local_index = Environment(self.shadow_path + sys.path)
[14.830s] running egg_info
[15.036s] writing omnirobot_control.egg-info/PKG-INFO
[15.045s] writing dependency_links to omnirobot_control.egg-info/dependency_links.txt
[15.050s] writing entry points to omnirobot_control.egg-info/entry_points.txt
[15.054s] writing requirements to omnirobot_control.egg-info/requires.txt
[15.055s] writing top-level names to omnirobot_control.egg-info/top_level.txt
[15.583s] reading manifest file 'omnirobot_control.egg-info/SOURCES.txt'
[15.584s] writing manifest file 'omnirobot_control.egg-info/SOURCES.txt'
[15.969s] running build_ext
[15.970s] Creating /home/robocupmsl/omni3_ws/install/omnirobot_control/lib/python3.12/site-packages/omnirobot-control.egg-link (link to .)
[15.978s] Installing global_planner_node script to /home/robocupmsl/omni3_ws/install/omnirobot_control/lib/omnirobot_control
[15.987s] Installing goal_node script to /home/robocupmsl/omni3_ws/install/omnirobot_control/lib/omnirobot_control
[15.988s] Installing kinematics_node script to /home/robocupmsl/omni3_ws/install/omnirobot_control/lib/omnirobot_control
[16.000s] Installing lidar_node script to /home/robocupmsl/omni3_ws/install/omnirobot_control/lib/omnirobot_control
[16.010s] Installing navigator_node script to /home/robocupmsl/omni3_ws/install/omnirobot_control/lib/omnirobot_control
[16.020s] Installing perception_node script to /home/robocupmsl/omni3_ws/install/omnirobot_control/lib/omnirobot_control
[16.023s] Installing trajectory_smoother_node script to /home/robocupmsl/omni3_ws/install/omnirobot_control/lib/omnirobot_control
[16.038s] 
[16.049s] Installed /home/robocupmsl/omni3_ws/build/omnirobot_control
[16.051s] running symlink_data
[16.232s] Invoked command in '/home/robocupmsl/omni3_ws/build/omnirobot_control' returned '0': DEBUGINFOD_URLS=https://debuginfod.ubuntu.com PYTHONPATH=/home/robocupmsl/omni3_ws/build/omnirobot_control/prefix_override:/usr/lib/python3/dist-packages/colcon_core/task/python/colcon_distutils_commands:/home/robocupmsl/omni3_ws/install/omnirobot_control/lib/python3.12/site-packages:${PYTHONPATH} /usr/bin/python3 -W ignore:setup.py install is deprecated -W ignore:easy_install command is deprecated setup.py develop --editable --build-directory /home/robocupmsl/omni3_ws/build/omnirobot_control/build --no-deps symlink_data
