[7.533s] Invoking command in '/home/robocupmsl/omni3_ws/build/omnirobot_control': DEBUGINFOD_URLS=https://debuginfod.ubuntu.com PYTHONPATH=/home/robocupmsl/omni3_ws/build/omnirobot_control/prefix_override:/usr/lib/python3/dist-packages/colcon_core/task/python/colcon_distutils_commands:/home/robocupmsl/omni3_ws/install/omnirobot_control/lib/python3.12/site-packages:${PYTHONPATH} /usr/bin/python3 -W ignore:setup.py install is deprecated -W ignore:easy_install command is deprecated setup.py develop --editable --build-directory /home/robocupmsl/omni3_ws/build/omnirobot_control/build --no-deps symlink_data
[10.973s] running develop
[12.918s] /usr/lib/python3/dist-packages/setuptools/command/easy_install.py:363: UserWarning: Unbuilt egg for pytest-repeat [unknown version] (/usr/lib/python3/dist-packages)
[12.918s]   self.local_index = Environment(self.shadow_path + sys.path)
[13.410s] running egg_info
[13.616s] writing omnirobot_control.egg-info/PKG-INFO
[13.621s] writing dependency_links to omnirobot_control.egg-info/dependency_links.txt
[13.624s] writing entry points to omnirobot_control.egg-info/entry_points.txt
[13.627s] writing requirements to omnirobot_control.egg-info/requires.txt
[13.629s] writing top-level names to omnirobot_control.egg-info/top_level.txt
[14.050s] reading manifest file 'omnirobot_control.egg-info/SOURCES.txt'
[14.059s] writing manifest file 'omnirobot_control.egg-info/SOURCES.txt'
[14.330s] running build_ext
[14.337s] Creating /home/robocupmsl/omni3_ws/install/omnirobot_control/lib/python3.12/site-packages/omnirobot-control.egg-link (link to .)
[14.346s] Installing global_planner_node script to /home/robocupmsl/omni3_ws/install/omnirobot_control/lib/omnirobot_control
[14.347s] Installing goal_node script to /home/robocupmsl/omni3_ws/install/omnirobot_control/lib/omnirobot_control
[14.348s] Installing kinematics_node script to /home/robocupmsl/omni3_ws/install/omnirobot_control/lib/omnirobot_control
[14.351s] Installing lidar_node script to /home/robocupmsl/omni3_ws/install/omnirobot_control/lib/omnirobot_control
[14.355s] Installing navigator_node script to /home/robocupmsl/omni3_ws/install/omnirobot_control/lib/omnirobot_control
[14.355s] Installing perception_node script to /home/robocupmsl/omni3_ws/install/omnirobot_control/lib/omnirobot_control
[14.358s] Installing trajectory_smoother_node script to /home/robocupmsl/omni3_ws/install/omnirobot_control/lib/omnirobot_control
[14.359s] 
[14.367s] Installed /home/robocupmsl/omni3_ws/build/omnirobot_control
[14.368s] running symlink_data
[14.613s] Invoked command in '/home/robocupmsl/omni3_ws/build/omnirobot_control' returned '0': DEBUGINFOD_URLS=https://debuginfod.ubuntu.com PYTHONPATH=/home/robocupmsl/omni3_ws/build/omnirobot_control/prefix_override:/usr/lib/python3/dist-packages/colcon_core/task/python/colcon_distutils_commands:/home/robocupmsl/omni3_ws/install/omnirobot_control/lib/python3.12/site-packages:${PYTHONPATH} /usr/bin/python3 -W ignore:setup.py install is deprecated -W ignore:easy_install command is deprecated setup.py develop --editable --build-directory /home/robocupmsl/omni3_ws/build/omnirobot_control/build --no-deps symlink_data
