[5.028s] Invoking command in '/home/robocupmsl/omni3_ws/build/omnirobot_control': DEBUGINFOD_URLS=https://debuginfod.ubuntu.com PYTHONPATH=/home/robocupmsl/omni3_ws/build/omnirobot_control/prefix_override:/usr/lib/python3/dist-packages/colcon_core/task/python/colcon_distutils_commands:/home/robocupmsl/omni3_ws/install/omnirobot_control/lib/python3.12/site-packages:${PYTHONPATH} /usr/bin/python3 -W ignore:setup.py install is deprecated -W ignore:easy_install command is deprecated setup.py develop --editable --build-directory /home/robocupmsl/omni3_ws/build/omnirobot_control/build --no-deps symlink_data
[7.303s] running develop
[8.481s] /usr/lib/python3/dist-packages/setuptools/command/easy_install.py:363: UserWarning: Unbuilt egg for pytest-repeat [unknown version] (/usr/lib/python3/dist-packages)
[8.482s]   self.local_index = Environment(self.shadow_path + sys.path)
[8.728s] running egg_info
[8.841s] writing omnirobot_control.egg-info/PKG-INFO
[8.842s] writing dependency_links to omnirobot_control.egg-info/dependency_links.txt
[8.844s] writing entry points to omnirobot_control.egg-info/entry_points.txt
[8.845s] writing requirements to omnirobot_control.egg-info/requires.txt
[8.846s] writing top-level names to omnirobot_control.egg-info/top_level.txt
[9.154s] reading manifest file 'omnirobot_control.egg-info/SOURCES.txt'
[9.160s] writing manifest file 'omnirobot_control.egg-info/SOURCES.txt'
[9.353s] running build_ext
[9.354s] Creating /home/robocupmsl/omni3_ws/install/omnirobot_control/lib/python3.12/site-packages/omnirobot-control.egg-link (link to .)
[9.357s] Installing global_planner_node script to /home/robocupmsl/omni3_ws/install/omnirobot_control/lib/omnirobot_control
[9.358s] Installing goto_pose_node script to /home/robocupmsl/omni3_ws/install/omnirobot_control/lib/omnirobot_control
[9.359s] Installing kinematics_node script to /home/robocupmsl/omni3_ws/install/omnirobot_control/lib/omnirobot_control
[9.360s] Installing lidar_perception_node script to /home/robocupmsl/omni3_ws/install/omnirobot_control/lib/omnirobot_control
[9.361s] Installing local_planner_node script to /home/robocupmsl/omni3_ws/install/omnirobot_control/lib/omnirobot_control
[9.362s] Installing move_1m_node script to /home/robocupmsl/omni3_ws/install/omnirobot_control/lib/omnirobot_control
[9.363s] Installing navigator_node script to /home/robocupmsl/omni3_ws/install/omnirobot_control/lib/omnirobot_control
[9.363s] Installing state_machine_node script to /home/robocupmsl/omni3_ws/install/omnirobot_control/lib/omnirobot_control
[9.364s] Installing trajectory_smoother_node script to /home/robocupmsl/omni3_ws/install/omnirobot_control/lib/omnirobot_control
[9.367s] 
[9.367s] Installed /home/robocupmsl/omni3_ws/build/omnirobot_control
[9.369s] running symlink_data
[9.370s] creating /home/robocupmsl/omni3_ws/install/omnirobot_control/share/omnirobot_control/rviz
[9.372s] symbolically linking /home/robocupmsl/omni3_ws/build/omnirobot_control/rviz/navigator.rviz -> /home/robocupmsl/omni3_ws/install/omnirobot_control/share/omnirobot_control/rviz
[9.562s] Invoked command in '/home/robocupmsl/omni3_ws/build/omnirobot_control' returned '0': DEBUGINFOD_URLS=https://debuginfod.ubuntu.com PYTHONPATH=/home/robocupmsl/omni3_ws/build/omnirobot_control/prefix_override:/usr/lib/python3/dist-packages/colcon_core/task/python/colcon_distutils_commands:/home/robocupmsl/omni3_ws/install/omnirobot_control/lib/python3.12/site-packages:${PYTHONPATH} /usr/bin/python3 -W ignore:setup.py install is deprecated -W ignore:easy_install command is deprecated setup.py develop --editable --build-directory /home/robocupmsl/omni3_ws/build/omnirobot_control/build --no-deps symlink_data
